Using pre-set license
Built from '2020.3/staging' branch; Version is '2020.3.26f1 (7298b473bc1a) revision 7510196'; Using compiler version '192528614'; Build Type 'Release'
OS: 'Windows 10  (10.0.19043) 64bit Core' Language: 'en' Physical Memory: 32717 MB
BatchMode: 1, IsHumanControllingUs: 0, StartBugReporterOnCrash: 0, Is64bit: 1, IsPro: 0

COMMAND LINE ARGUMENTS:
C:\Users\matth\Documents\UnityEditors\2020.3.26f1\Editor\Unity.exe
-adb2
-batchMode
-noUpm
-name
AssetImportWorker0
-projectPath
C:/Users/matth/Documents/GitHub/SightlessResonate/Sightless
-logFile
Logs/AssetImportWorker0.log
-srvPort
53019
Successfully changed project path to: C:/Users/matth/Documents/GitHub/SightlessResonate/Sightless
C:/Users/matth/Documents/GitHub/SightlessResonate/Sightless
Using Asset Import Pipeline V2.
Refreshing native plugins compatible for Editor in 146.04 ms, found 2 plugins.
Preloading 0 native plugins for Editor in 0.00 ms.
Initialize engine version: 2020.3.26f1 (7298b473bc1a)
[Subsystems] Discovering subsystems at path C:/Users/matth/Documents/UnityEditors/2020.3.26f1/Editor/Data/Resources/UnitySubsystems
[Subsystems] Discovering subsystems at path C:/Users/matth/Documents/GitHub/SightlessResonate/Sightless/Assets
GfxDevice: creating device client; threaded=0
Direct3D:
    Version:  Direct3D 11.0 [level 11.1]
    Renderer: NVIDIA GeForce RTX 2070 SUPER (ID=0x1e84)
    Vendor:   
    VRAM:     8011 MB
    Driver:   30.0.14.7168
Initialize mono
Mono path[0] = 'C:/Users/matth/Documents/UnityEditors/2020.3.26f1/Editor/Data/Managed'
Mono path[1] = 'C:/Users/matth/Documents/UnityEditors/2020.3.26f1/Editor/Data/MonoBleedingEdge/lib/mono/unityjit'
Mono config path = 'C:/Users/matth/Documents/UnityEditors/2020.3.26f1/Editor/Data/MonoBleedingEdge/etc'
Using monoOptions --debugger-agent=transport=dt_socket,embedding=1,server=y,suspend=n,address=127.0.0.1:56604
Begin MonoManager ReloadAssembly
Registering precompiled unity dll's ...
Register platform support module: C:/Users/matth/Documents/UnityEditors/2020.3.26f1/Editor/Data/PlaybackEngines/WindowsStandaloneSupport/UnityEditor.WindowsStandalone.Extensions.dll
Registered in 0.001804 seconds.
Native extension for WindowsStandalone target not found
Refreshing native plugins compatible for Editor in 151.20 ms, found 2 plugins.
Preloading 0 native plugins for Editor in 0.00 ms.
Mono: successfully reloaded assembly
- Completed reload, in  0.694 seconds
Domain Reload Profiling:
	ReloadAssembly (695ms)
		BeginReloadAssembly (50ms)
			ExecutionOrderSort (0ms)
			DisableScriptedObjects (0ms)
			BackupInstance (0ms)
			ReleaseScriptingObjects (0ms)
			CreateAndSetChildDomain (1ms)
		EndReloadAssembly (569ms)
			LoadAssemblies (48ms)
			RebuildTransferFunctionScriptingTraits (0ms)
			SetupTypeCache (154ms)
			ReleaseScriptCaches (0ms)
			RebuildScriptCaches (28ms)
			SetupLoadedEditorAssemblies (292ms)
				LogAssemblyErrors (0ms)
				InitializePlatformSupportModulesInManaged (5ms)
				SetLoadedEditorAssemblies (0ms)
				RefreshPlugins (151ms)
				BeforeProcessingInitializeOnLoad (8ms)
				ProcessInitializeOnLoadAttributes (95ms)
				ProcessInitializeOnLoadMethodAttributes (32ms)
				AfterProcessingInitializeOnLoad (0ms)
				EditorAssembliesLoaded (0ms)
			ExecutionOrderSort2 (0ms)
			AwakeInstancesAfterBackupRestoration (0ms)
Platform modules already initialized, skipping
Registering precompiled user dll's ...
Registered in 0.007056 seconds.
Begin MonoManager ReloadAssembly
Native extension for WindowsStandalone target not found
Refreshing native plugins compatible for Editor in 1.41 ms, found 2 plugins.
Preloading 0 native plugins for Editor in 0.00 ms.
Mono: successfully reloaded assembly
- Completed reload, in  1.024 seconds
Domain Reload Profiling:
	ReloadAssembly (1024ms)
		BeginReloadAssembly (141ms)
			ExecutionOrderSort (0ms)
			DisableScriptedObjects (4ms)
			BackupInstance (0ms)
			ReleaseScriptingObjects (0ms)
			CreateAndSetChildDomain (19ms)
		EndReloadAssembly (818ms)
			LoadAssemblies (86ms)
			RebuildTransferFunctionScriptingTraits (0ms)
			SetupTypeCache (291ms)
			ReleaseScriptCaches (1ms)
			RebuildScriptCaches (48ms)
			SetupLoadedEditorAssemblies (298ms)
				LogAssemblyErrors (0ms)
				InitializePlatformSupportModulesInManaged (4ms)
				SetLoadedEditorAssemblies (0ms)
				RefreshPlugins (1ms)
				BeforeProcessingInitializeOnLoad (67ms)
				ProcessInitializeOnLoadAttributes (210ms)
				ProcessInitializeOnLoadMethodAttributes (9ms)
				AfterProcessingInitializeOnLoad (6ms)
				EditorAssembliesLoaded (0ms)
			ExecutionOrderSort2 (0ms)
			AwakeInstancesAfterBackupRestoration (6ms)
Platform modules already initialized, skipping
========================================================================
Worker process is ready to serve import requests
Launched and connected shader compiler UnityShaderCompiler.exe after 0.07 seconds
Refreshing native plugins compatible for Editor in 1.48 ms, found 2 plugins.
Preloading 0 native plugins for Editor in 0.00 ms.
Unloading 2103 Unused Serialized files (Serialized files now loaded: 0)
System memory in use before: 101.1 MB.
System memory in use after: 101.2 MB.

Unloading 21 unused Assets to reduce memory usage. Loaded Objects now: 2542.
Total: 3.192400 ms (FindLiveObjects: 0.217700 ms CreateObjectMapping: 0.057900 ms MarkObjects: 2.806300 ms  DeleteObjects: 0.109000 ms)

AssetImportParameters requested are different than current active one (requested -> active):
  custom:framework-win-MediaFoundation: 216162199b28c13a410421893ffa2e32 -> 
  custom:video-decoder-ogg-theora: a1e56fd34408186e4bbccfd4996cb3dc -> 
  custom:container-muxer-webm: aa71ff27fc2769a1b78a27578f13a17b -> 
  custom:container-demuxer-webm: 4f35f7cbe854078d1ac9338744f61a02 -> 
  custom:container-demuxer-ogg: 62fdf1f143b41e24485cea50d1cbac27 -> 
  custom:video-encoder-webm-vp8: eb34c28f22e8b96e1ab97ce403110664 -> 
  custom:video-decoder-webm-vp8: 9c59270c3fd7afecdb556c50c9e8de78 -> 
  custom:audio-decoder-ogg-vorbis: bf7c407c2cedff20999df2af8eb42d56 -> 
  custom:audio-encoder-webm-vorbis: bf7c407c2cedff20999df2af8eb42d56 -> 
========================================================================
Received Import Request.
  path: Assets/AllSkyFree/Overcast Low/Sky_AllSky_Overcast4_Low_Cam_2_Left+X.png
  artifactKey: Guid(4b922104744dc4f5ab309b556a7677da) Importer(815301076,1909f56bfc062723c751e8b465ee728b)
Start importing Assets/AllSkyFree/Overcast Low/Sky_AllSky_Overcast4_Low_Cam_2_Left+X.png using Guid(4b922104744dc4f5ab309b556a7677da) Importer(815301076,1909f56bfc062723c751e8b465ee728b)  -> (artifact id: '1e518459b9c89e1bc848151a83e16c24') in 0.099534 seconds 
  Import took 0.103969 seconds .

========================================================================
Received Import Request.
  Time since last request: 0.000180 seconds.
  path: Assets/AllSkyFree/Overcast Low/AllSky_Overcast4_Low.png
  artifactKey: Guid(c8f21f62fdb3e43c5b32917c84683698) Importer(815301076,1909f56bfc062723c751e8b465ee728b)
Start importing Assets/AllSkyFree/Overcast Low/AllSky_Overcast4_Low.png using Guid(c8f21f62fdb3e43c5b32917c84683698) Importer(815301076,1909f56bfc062723c751e8b465ee728b)  -> (artifact id: '81f472ad991874cf1b3354550269bf7a') in 0.154350 seconds 
  Import took 0.157597 seconds .

========================================================================
Received Import Request.
  Time since last request: 0.000170 seconds.
  path: Assets/AllSkyFree/Overcast Low/Sky_AllSky_Overcast4_Low_Cam_3_Right-X.png
  artifactKey: Guid(0ccd1239645f54012a6ea72739d04982) Importer(815301076,1909f56bfc062723c751e8b465ee728b)
Start importing Assets/AllSkyFree/Overcast Low/Sky_AllSky_Overcast4_Low_Cam_3_Right-X.png using Guid(0ccd1239645f54012a6ea72739d04982) Importer(815301076,1909f56bfc062723c751e8b465ee728b)  -> (artifact id: 'aa91240329278ea755bc7d2cd0176b71') in 0.012334 seconds 
  Import took 0.015702 seconds .

========================================================================
Received Import Request.
  Time since last request: 0.000198 seconds.
  path: Assets/AllSkyFree/Overcast Low/AllSky_Overcast4_Low Equirect.mat
  artifactKey: Guid(54fe2f000ad8f424fb63cc3ea0ae2bb2) Importer(815301076,1909f56bfc062723c751e8b465ee728b)
Start importing Assets/AllSkyFree/Overcast Low/AllSky_Overcast4_Low Equirect.mat using Guid(54fe2f000ad8f424fb63cc3ea0ae2bb2) Importer(815301076,1909f56bfc062723c751e8b465ee728b)  -> (artifact id: 'dda35eb08cc562e00b9137bf0b2b9494') in 0.066972 seconds 
  Import took 0.071502 seconds .

========================================================================
Received Import Request.
  Time since last request: 0.000180 seconds.
  path: Assets/AllSkyFree/Overcast Low/Sky_AllSky_Overcast4_Low_Cam_0_Front+Z.png
  artifactKey: Guid(402fe3aa91fba453f92dd3bbe820dbd9) Importer(815301076,1909f56bfc062723c751e8b465ee728b)
Start importing Assets/AllSkyFree/Overcast Low/Sky_AllSky_Overcast4_Low_Cam_0_Front+Z.png using Guid(402fe3aa91fba453f92dd3bbe820dbd9) Importer(815301076,1909f56bfc062723c751e8b465ee728b)  -> (artifact id: 'cec74ebf31e2b28e1bbf52395564c8ae') in 0.012187 seconds 
  Import took 0.015825 seconds .

========================================================================
Received Import Request.
  Time since last request: 0.000180 seconds.
  path: Assets/AllSkyFree/Overcast Low/AllSky_Overcast4_Low.mat
  artifactKey: Guid(f2b5f3f20933f434e850db1b710542fd) Importer(815301076,1909f56bfc062723c751e8b465ee728b)
Start importing Assets/AllSkyFree/Overcast Low/AllSky_Overcast4_Low.mat using Guid(f2b5f3f20933f434e850db1b710542fd) Importer(815301076,1909f56bfc062723c751e8b465ee728b)  -> (artifact id: 'eb3a8efccf48937cf7805fca35f9b4ac') in 0.151742 seconds 
  Import took 0.156007 seconds .

========================================================================
Received Import Request.
  Time since last request: 0.000148 seconds.
  path: Assets/AllSkyFree/Overcast Low/Sky_AllSky_Overcast4_Low_Cam_1_Back-Z.png
  artifactKey: Guid(4efb8fd75703d43cab6f01b240a7c945) Importer(815301076,1909f56bfc062723c751e8b465ee728b)
Start importing Assets/AllSkyFree/Overcast Low/Sky_AllSky_Overcast4_Low_Cam_1_Back-Z.png using Guid(4efb8fd75703d43cab6f01b240a7c945) Importer(815301076,1909f56bfc062723c751e8b465ee728b)  -> (artifact id: '20b5b9dfbb00f97252d4cff1233846cb') in 0.012444 seconds 
  Import took 0.015818 seconds .

========================================================================
Received Import Request.
  Time since last request: 0.000169 seconds.
  path: Assets/AllSkyFree/Overcast Low/Sky_AllSky_Overcast4_Low_Cam_4_Up+Y.png
  artifactKey: Guid(93ce6277acd7243f685c04cc3c1d0cc4) Importer(815301076,1909f56bfc062723c751e8b465ee728b)
Start importing Assets/AllSkyFree/Overcast Low/Sky_AllSky_Overcast4_Low_Cam_4_Up+Y.png using Guid(93ce6277acd7243f685c04cc3c1d0cc4) Importer(815301076,1909f56bfc062723c751e8b465ee728b)  -> (artifact id: '61878ab666770136c2c6e41473fdfdeb') in 0.012294 seconds 
  Import took 0.015685 seconds .

========================================================================
Received Import Request.
  Time since last request: 0.000166 seconds.
  path: Assets/AllSkyFree/Overcast Low/Sky_AllSky_Overcast4_Low_Cam_5_Down-Y.png
  artifactKey: Guid(4164b771c2b784c2da3cbe10847a182e) Importer(815301076,1909f56bfc062723c751e8b465ee728b)
Start importing Assets/AllSkyFree/Overcast Low/Sky_AllSky_Overcast4_Low_Cam_5_Down-Y.png using Guid(4164b771c2b784c2da3cbe10847a182e) Importer(815301076,1909f56bfc062723c751e8b465ee728b)  -> (artifact id: 'b79bdd462291e016734237f2c515519f') in 0.010605 seconds 
  Import took 0.014285 seconds .

========================================================================
Received Import Request.
  Time since last request: 2.270491 seconds.
  path: Assets/AllSkyFree/Cartoon Base BlueSky
  artifactKey: Guid(9f633969e0c5e4bfeba8bb43b5348d81) Importer(815301076,1909f56bfc062723c751e8b465ee728b)
Start importing Assets/AllSkyFree/Cartoon Base BlueSky using Guid(9f633969e0c5e4bfeba8bb43b5348d81) Importer(815301076,1909f56bfc062723c751e8b465ee728b)  -> (artifact id: 'bafdc482f2a5fd4fc2642bdfad70bf3f') in 0.006077 seconds 
  Import took 0.009754 seconds .

========================================================================
Received Import Request.
  Time since last request: 0.079594 seconds.
  path: Assets/AllSkyFree/Cartoon Base BlueSky/Day_BlueSky_Nothing Equirect.mat
  artifactKey: Guid(73324b55f67f54c7bbf43204788b8bbe) Importer(815301076,1909f56bfc062723c751e8b465ee728b)
Start importing Assets/AllSkyFree/Cartoon Base BlueSky/Day_BlueSky_Nothing Equirect.mat using Guid(73324b55f67f54c7bbf43204788b8bbe) Importer(815301076,1909f56bfc062723c751e8b465ee728b)  -> (artifact id: '6ef30385a9d928a760df45d8467c6607') in 0.017261 seconds 
  Import took 0.021998 seconds .

========================================================================
Received Import Request.
  Time since last request: 0.000180 seconds.
  path: Assets/AllSkyFree/Cartoon Base BlueSky/Sky_Day_BlueSky_Nothing_Cam_1_Back-Z.png
  artifactKey: Guid(33cbefefe2c7f4e77ac959c74eef5d4d) Importer(815301076,1909f56bfc062723c751e8b465ee728b)
Start importing Assets/AllSkyFree/Cartoon Base BlueSky/Sky_Day_BlueSky_Nothing_Cam_1_Back-Z.png using Guid(33cbefefe2c7f4e77ac959c74eef5d4d) Importer(815301076,1909f56bfc062723c751e8b465ee728b)  -> (artifact id: '72fa5150c33f3130089e322e27b9ff65') in 0.009712 seconds 
  Import took 0.018051 seconds .

========================================================================
Received Import Request.
  Time since last request: 0.000172 seconds.
  path: Assets/AllSkyFree/Cartoon Base BlueSky/Sky_Day_BlueSky_Nothing_Cam_5_Down-Y.png
  artifactKey: Guid(4c119b81b42684c39873d7738564bcdd) Importer(815301076,1909f56bfc062723c751e8b465ee728b)
Start importing Assets/AllSkyFree/Cartoon Base BlueSky/Sky_Day_BlueSky_Nothing_Cam_5_Down-Y.png using Guid(4c119b81b42684c39873d7738564bcdd) Importer(815301076,1909f56bfc062723c751e8b465ee728b)  -> (artifact id: '31128bec6b060a9e0330cffa087fcd14') in 0.011082 seconds 
  Import took 0.014283 seconds .

========================================================================
Received Import Request.
  Time since last request: 0.000172 seconds.
  path: Assets/AllSkyFree/Cartoon Base BlueSky/Sky_Day_BlueSky_Nothing_Cam_0_Front+Z.png
  artifactKey: Guid(d731d71c2b8e94c18b5ef8be277e6773) Importer(815301076,1909f56bfc062723c751e8b465ee728b)
Start importing Assets/AllSkyFree/Cartoon Base BlueSky/Sky_Day_BlueSky_Nothing_Cam_0_Front+Z.png using Guid(d731d71c2b8e94c18b5ef8be277e6773) Importer(815301076,1909f56bfc062723c751e8b465ee728b)  -> (artifact id: '864e7c4cce398cc3c6826e0ecf9a8ad7') in 0.009208 seconds 
  Import took 0.012336 seconds .

========================================================================
Received Import Request.
  Time since last request: 0.000164 seconds.
  path: Assets/AllSkyFree/Cartoon Base BlueSky/Sky_Day_BlueSky_Nothing_Cam_4_Up+Y.png
  artifactKey: Guid(5cf2d5ca2357a4d4fb98ebc5b6034e72) Importer(815301076,1909f56bfc062723c751e8b465ee728b)
Start importing Assets/AllSkyFree/Cartoon Base BlueSky/Sky_Day_BlueSky_Nothing_Cam_4_Up+Y.png using Guid(5cf2d5ca2357a4d4fb98ebc5b6034e72) Importer(815301076,1909f56bfc062723c751e8b465ee728b)  -> (artifact id: 'd65824b04c3b6beb943f70f5e10279d3') in 0.008834 seconds 
  Import took 0.012004 seconds .

========================================================================
Received Import Request.
  Time since last request: 0.000151 seconds.
  path: Assets/AllSkyFree/Cartoon Base BlueSky/Sky_Day_BlueSky_Nothing_Cam_3_Right-X.png
  artifactKey: Guid(d3b809c8b33ff46faa4245f0bca7e6fe) Importer(815301076,1909f56bfc062723c751e8b465ee728b)
Start importing Assets/AllSkyFree/Cartoon Base BlueSky/Sky_Day_BlueSky_Nothing_Cam_3_Right-X.png using Guid(d3b809c8b33ff46faa4245f0bca7e6fe) Importer(815301076,1909f56bfc062723c751e8b465ee728b)  -> (artifact id: '93a3b9daf14583170fae52de7b89a7c9') in 0.011316 seconds 
  Import took 0.014530 seconds .

========================================================================
Received Import Request.
  Time since last request: 0.000165 seconds.
  path: Assets/AllSkyFree/Cartoon Base BlueSky/Sky_Day_BlueSky_Nothing_Cam_2_Left+X.png
  artifactKey: Guid(6b8f010ba933d4f01bdedec2c1a8a025) Importer(815301076,1909f56bfc062723c751e8b465ee728b)
Start importing Assets/AllSkyFree/Cartoon Base BlueSky/Sky_Day_BlueSky_Nothing_Cam_2_Left+X.png using Guid(6b8f010ba933d4f01bdedec2c1a8a025) Importer(815301076,1909f56bfc062723c751e8b465ee728b)  -> (artifact id: '37b49e6262031270193b443930485555') in 0.009801 seconds 
  Import took 0.012782 seconds .

========================================================================
Received Import Request.
  Time since last request: 0.000161 seconds.
  path: Assets/AllSkyFree/Cartoon Base BlueSky/Day_BlueSky_Nothing.mat
  artifactKey: Guid(c56e28e54cac24b04ae3dd957d214534) Importer(815301076,1909f56bfc062723c751e8b465ee728b)
Start importing Assets/AllSkyFree/Cartoon Base BlueSky/Day_BlueSky_Nothing.mat using Guid(c56e28e54cac24b04ae3dd957d214534) Importer(815301076,1909f56bfc062723c751e8b465ee728b)  -> (artifact id: 'ef0f0dfe5e9e1139d10eb68c8918915c') in 0.014120 seconds 
  Import took 0.017592 seconds .

========================================================================
Received Import Request.
  Time since last request: 0.000227 seconds.
  path: Assets/AllSkyFree/Cartoon Base BlueSky/Sky_Day_BlueSky_Equirect.png
  artifactKey: Guid(d4c8dc343ae5d4673b7720ffdb1ddf00) Importer(815301076,1909f56bfc062723c751e8b465ee728b)
Start importing Assets/AllSkyFree/Cartoon Base BlueSky/Sky_Day_BlueSky_Equirect.png using Guid(d4c8dc343ae5d4673b7720ffdb1ddf00) Importer(815301076,1909f56bfc062723c751e8b465ee728b)  -> (artifact id: '3ab20809a981e841d753db9fded08eb0') in 0.099641 seconds 
  Import took 0.103804 seconds .

========================================================================
Received Import Request.
  Time since last request: 1.531644 seconds.
  path: Assets/AllSkyFree/Cartoon Base BlueSky/Day_BlueSky_Nothing.unity
  artifactKey: Guid(c227f157df13b418c8ebb9e0b483e121) Importer(815301076,1909f56bfc062723c751e8b465ee728b)
Start importing Assets/AllSkyFree/Cartoon Base BlueSky/Day_BlueSky_Nothing.unity using Guid(c227f157df13b418c8ebb9e0b483e121) Importer(815301076,1909f56bfc062723c751e8b465ee728b)  -> (artifact id: '988b0fbbfca45600f418af9e20789d8a') in 0.007833 seconds 
  Import took 0.017367 seconds .

========================================================================
Received Import Request.
  Time since last request: 2.129938 seconds.
  path: Assets/AllSkyFree/Cartoon Base BlueSky/Day_BlueSky_NothingSettings.lighting
  artifactKey: Guid(2ee0c2b4e6fd2d6448758986954cfbcb) Importer(815301076,1909f56bfc062723c751e8b465ee728b)
Start importing Assets/AllSkyFree/Cartoon Base BlueSky/Day_BlueSky_NothingSettings.lighting using Guid(2ee0c2b4e6fd2d6448758986954cfbcb) Importer(815301076,1909f56bfc062723c751e8b465ee728b) LightingSettings: switching bake backend from 1 to 0.
 -> (artifact id: '936b505ac5917515c66af59c9c453b14') in 0.007603 seconds 
  Import took 0.011977 seconds .

========================================================================
Received Import Request.
  Time since last request: 10.612421 seconds.
  path: Assets/AllSkyFree/Cartoon Base NightSky
  artifactKey: Guid(edfd7568a47754e23b20068c1847c5fb) Importer(815301076,1909f56bfc062723c751e8b465ee728b)
Start importing Assets/AllSkyFree/Cartoon Base NightSky using Guid(edfd7568a47754e23b20068c1847c5fb) Importer(815301076,1909f56bfc062723c751e8b465ee728b)  -> (artifact id: 'dda73375817968136f1a562435f94ab4') in 0.009123 seconds 
  Import took 0.013694 seconds .

========================================================================
Received Import Request.
  Time since last request: 0.081353 seconds.
  path: Assets/AllSkyFree/Cartoon Base NightSky/Cartoon Base NightSky Equirect.mat
  artifactKey: Guid(3a6db933fef1d4c759bf21220420505f) Importer(815301076,1909f56bfc062723c751e8b465ee728b)
Start importing Assets/AllSkyFree/Cartoon Base NightSky/Cartoon Base NightSky Equirect.mat using Guid(3a6db933fef1d4c759bf21220420505f) Importer(815301076,1909f56bfc062723c751e8b465ee728b)  -> (artifact id: 'c04a40e06b448ed88930dcea638895c7') in 0.022310 seconds 
  Import took 0.032941 seconds .

========================================================================
Received Import Request.
  Time since last request: 0.000160 seconds.
  path: Assets/AllSkyFree/Cartoon Base NightSky/Cartoon Base NightSky Equirect.png
  artifactKey: Guid(7659947706e294d97a22faa1d4011724) Importer(815301076,1909f56bfc062723c751e8b465ee728b)
Start importing Assets/AllSkyFree/Cartoon Base NightSky/Cartoon Base NightSky Equirect.png using Guid(7659947706e294d97a22faa1d4011724) Importer(815301076,1909f56bfc062723c751e8b465ee728b)  -> (artifact id: 'e1f9d41ee609ca5637b96812f24d004f') in 0.118169 seconds 
  Import took 0.122501 seconds .

========================================================================
Received Import Request.
  Time since last request: 0.000135 seconds.
  path: Assets/AllSkyFree/Cartoon Base NightSky/Cartoon Base NightSky_Cam_4_Up+Y.png
  artifactKey: Guid(d8144633fec3342d9b7d9388377fb2a6) Importer(815301076,1909f56bfc062723c751e8b465ee728b)
Start importing Assets/AllSkyFree/Cartoon Base NightSky/Cartoon Base NightSky_Cam_4_Up+Y.png using Guid(d8144633fec3342d9b7d9388377fb2a6) Importer(815301076,1909f56bfc062723c751e8b465ee728b)  -> (artifact id: '2c2b96ea3825026e567c363279170773') in 0.014907 seconds 
  Import took 0.018309 seconds .

========================================================================
Received Import Request.
  Time since last request: 0.000156 seconds.
  path: Assets/AllSkyFree/Cartoon Base NightSky/Cartoon Base NightSky_Cam_3_Right-X.png
  artifactKey: Guid(69090bcf98b624e77a2f519630debe54) Importer(815301076,1909f56bfc062723c751e8b465ee728b)
Start importing Assets/AllSkyFree/Cartoon Base NightSky/Cartoon Base NightSky_Cam_3_Right-X.png using Guid(69090bcf98b624e77a2f519630debe54) Importer(815301076,1909f56bfc062723c751e8b465ee728b)  -> (artifact id: '4b9b237a6e8552d111a6afdc614a2176') in 0.011613 seconds 
  Import took 0.020294 seconds .

========================================================================
Received Import Request.
  Time since last request: 0.000151 seconds.
  path: Assets/AllSkyFree/Cartoon Base NightSky/Cartoon Base NightSky.mat
  artifactKey: Guid(aa78c8d403a8547fe86d1f74239e6b03) Importer(815301076,1909f56bfc062723c751e8b465ee728b)
Start importing Assets/AllSkyFree/Cartoon Base NightSky/Cartoon Base NightSky.mat using Guid(aa78c8d403a8547fe86d1f74239e6b03) Importer(815301076,1909f56bfc062723c751e8b465ee728b)  -> (artifact id: 'c192e309b9303b045dec3a53013cd32e') in 0.020535 seconds 
  Import took 0.024892 seconds .

========================================================================
Received Import Request.
  Time since last request: 0.000154 seconds.
  path: Assets/AllSkyFree/Cartoon Base NightSky/Cartoon Base NightSky_Cam_2_Left+X.png
  artifactKey: Guid(30795c4c7d28549fc98ea24071c47626) Importer(815301076,1909f56bfc062723c751e8b465ee728b)
Start importing Assets/AllSkyFree/Cartoon Base NightSky/Cartoon Base NightSky_Cam_2_Left+X.png using Guid(30795c4c7d28549fc98ea24071c47626) Importer(815301076,1909f56bfc062723c751e8b465ee728b)  -> (artifact id: '386bf23a23fb76ac07c7666f2fbef637') in 0.011499 seconds 
  Import took 0.016944 seconds .

========================================================================
Received Import Request.
  Time since last request: 0.000179 seconds.
  path: Assets/AllSkyFree/Cartoon Base NightSky/Cartoon Base NightSky_Cam_1_Back-Z.png
  artifactKey: Guid(baee46fd4fc8d4898864f4963bb39f34) Importer(815301076,1909f56bfc062723c751e8b465ee728b)
Start importing Assets/AllSkyFree/Cartoon Base NightSky/Cartoon Base NightSky_Cam_1_Back-Z.png using Guid(baee46fd4fc8d4898864f4963bb39f34) Importer(815301076,1909f56bfc062723c751e8b465ee728b)  -> (artifact id: '1b9f8661745bba774842dd065045f8e5') in 0.011673 seconds 
  Import took 0.017384 seconds .

========================================================================
Received Import Request.
  Time since last request: 0.000259 seconds.
  path: Assets/AllSkyFree/Cartoon Base NightSky/Cartoon Base NightSky_Cam_0_Front+Z.png
  artifactKey: Guid(5cd44424375bd4ad69191a50c41ec04d) Importer(815301076,1909f56bfc062723c751e8b465ee728b)
Start importing Assets/AllSkyFree/Cartoon Base NightSky/Cartoon Base NightSky_Cam_0_Front+Z.png using Guid(5cd44424375bd4ad69191a50c41ec04d) Importer(815301076,1909f56bfc062723c751e8b465ee728b)  -> (artifact id: '7c8d64d8d816e51e0c50b4adb386b5ed') in 0.012091 seconds 
  Import took 0.016844 seconds .

========================================================================
Received Import Request.
  Time since last request: 0.000165 seconds.
  path: Assets/AllSkyFree/Cartoon Base NightSky/Cartoon Base NightSky_Cam_5_Down-Y.png
  artifactKey: Guid(e23c4e30896d34af5beb066fcf2790c7) Importer(815301076,1909f56bfc062723c751e8b465ee728b)
Start importing Assets/AllSkyFree/Cartoon Base NightSky/Cartoon Base NightSky_Cam_5_Down-Y.png using Guid(e23c4e30896d34af5beb066fcf2790c7) Importer(815301076,1909f56bfc062723c751e8b465ee728b)  -> (artifact id: '264e25e0319eda6129718af86be566d5') in 0.009038 seconds 
  Import took 0.012384 seconds .

========================================================================
Received Import Request.
  Time since last request: 1.250699 seconds.
  path: Assets/AllSkyFree/Cartoon Base NightSky/Cartoon Base NightSky.unity
  artifactKey: Guid(c4ac93a9f488344c29ac272cddb55dda) Importer(815301076,1909f56bfc062723c751e8b465ee728b)
Start importing Assets/AllSkyFree/Cartoon Base NightSky/Cartoon Base NightSky.unity using Guid(c4ac93a9f488344c29ac272cddb55dda) Importer(815301076,1909f56bfc062723c751e8b465ee728b)  -> (artifact id: '56659fc5ddf5ca42533a90c0ff2db56d') in 0.007300 seconds 
  Import took 0.016342 seconds .

========================================================================
Received Import Request.
  Time since last request: 12.161432 seconds.
  path: Assets/AllSkyFree/Cartoon Base NightSky/Cartoon Base NightSkySettings.lighting
  artifactKey: Guid(41f99b718b9beaa4187bc1e38c5a264e) Importer(815301076,1909f56bfc062723c751e8b465ee728b)
Start importing Assets/AllSkyFree/Cartoon Base NightSky/Cartoon Base NightSkySettings.lighting using Guid(41f99b718b9beaa4187bc1e38c5a264e) Importer(815301076,1909f56bfc062723c751e8b465ee728b) LightingSettings: switching bake backend from 1 to 0.
 -> (artifact id: 'b841d72884507fd2c5bab07b6f49d656') in 0.006594 seconds 
  Import took 0.012033 seconds .

========================================================================
Received Import Request.
  Time since last request: 8.784648 seconds.
  path: Assets/AllSkyFree/Cold Night
  artifactKey: Guid(5002a90c1ac5742af853cc504426d653) Importer(815301076,1909f56bfc062723c751e8b465ee728b)
Start importing Assets/AllSkyFree/Cold Night using Guid(5002a90c1ac5742af853cc504426d653) Importer(815301076,1909f56bfc062723c751e8b465ee728b)  -> (artifact id: '3c61b4849b08618c4cd10dd7071dd27c') in 0.006088 seconds 
  Import took 0.018569 seconds .

========================================================================
Received Import Request.
  Time since last request: 0.047016 seconds.
  path: Assets/AllSkyFree/Cold Night/Cold Night Equirect.mat
  artifactKey: Guid(eac2ef371405749e0bd050b4c3272f16) Importer(815301076,1909f56bfc062723c751e8b465ee728b)
Start importing Assets/AllSkyFree/Cold Night/Cold Night Equirect.mat using Guid(eac2ef371405749e0bd050b4c3272f16) Importer(815301076,1909f56bfc062723c751e8b465ee728b)  -> (artifact id: 'f841a4285cfd65c01ef151423ac8544b') in 0.020381 seconds 
  Import took 0.026474 seconds .

========================================================================
Received Import Request.
  Time since last request: 0.000157 seconds.
  path: Assets/AllSkyFree/Cold Night/Cold Night__Cam_4_Up+Y.png
  artifactKey: Guid(3d6928c404a7c46c3991bb1b73521d66) Importer(815301076,1909f56bfc062723c751e8b465ee728b)
Start importing Assets/AllSkyFree/Cold Night/Cold Night__Cam_4_Up+Y.png using Guid(3d6928c404a7c46c3991bb1b73521d66) Importer(815301076,1909f56bfc062723c751e8b465ee728b)  -> (artifact id: 'e86e2adedb803d64cb93020009fe1dc5') in 0.011507 seconds 
  Import took 0.015736 seconds .

========================================================================
Received Import Request.
  Time since last request: 0.000151 seconds.
  path: Assets/AllSkyFree/Cold Night/Cold Night__Cam_5_Down-Y.png
  artifactKey: Guid(8cab6aa3331da40e68754e2214ce08fa) Importer(815301076,1909f56bfc062723c751e8b465ee728b)
Start importing Assets/AllSkyFree/Cold Night/Cold Night__Cam_5_Down-Y.png using Guid(8cab6aa3331da40e68754e2214ce08fa) Importer(815301076,1909f56bfc062723c751e8b465ee728b)  -> (artifact id: '61a68f499ccbd4365cf6b8aa5e59937c') in 0.009527 seconds 
  Import took 0.014086 seconds .

========================================================================
Received Import Request.
  Time since last request: 0.000134 seconds.
  path: Assets/AllSkyFree/Cold Night/Cold Night Equirect.png
  artifactKey: Guid(97259d0c0ea9f491692be825da27978a) Importer(815301076,1909f56bfc062723c751e8b465ee728b)
Start importing Assets/AllSkyFree/Cold Night/Cold Night Equirect.png using Guid(97259d0c0ea9f491692be825da27978a) Importer(815301076,1909f56bfc062723c751e8b465ee728b)  -> (artifact id: 'e18ce06008dbad563dbfffed0a2ccfab') in 0.110118 seconds 
  Import took 0.113505 seconds .

========================================================================
Received Import Request.
  Time since last request: 0.000155 seconds.
  path: Assets/AllSkyFree/Cold Night/Cold Night.mat
  artifactKey: Guid(9af23ba5fa5364ff598888460e0e2759) Importer(815301076,1909f56bfc062723c751e8b465ee728b)
Start importing Assets/AllSkyFree/Cold Night/Cold Night.mat using Guid(9af23ba5fa5364ff598888460e0e2759) Importer(815301076,1909f56bfc062723c751e8b465ee728b)  -> (artifact id: 'ed441c072175d5c318a58157462fac0f') in 0.018003 seconds 
  Import took 0.026891 seconds .

========================================================================
Received Import Request.
  Time since last request: 0.000226 seconds.
  path: Assets/AllSkyFree/Cold Night/Cold Night__Cam_1_Back-Z.png
  artifactKey: Guid(7a03001a6d7c746a2a2467b3b3f51660) Importer(815301076,1909f56bfc062723c751e8b465ee728b)
Start importing Assets/AllSkyFree/Cold Night/Cold Night__Cam_1_Back-Z.png using Guid(7a03001a6d7c746a2a2467b3b3f51660) Importer(815301076,1909f56bfc062723c751e8b465ee728b)  -> (artifact id: '524c7199b862cda33d6fec7355529379') in 0.010173 seconds 
  Import took 0.014428 seconds .

========================================================================
Received Import Request.
  Time since last request: 0.000161 seconds.
  path: Assets/AllSkyFree/Cold Night/Cold Night__Cam_0_Front+Z.png
  artifactKey: Guid(aad96e1c2baf24d3499e2ea1426ab824) Importer(815301076,1909f56bfc062723c751e8b465ee728b)
Start importing Assets/AllSkyFree/Cold Night/Cold Night__Cam_0_Front+Z.png using Guid(aad96e1c2baf24d3499e2ea1426ab824) Importer(815301076,1909f56bfc062723c751e8b465ee728b)  -> (artifact id: 'c11f81223241893f222a789490c9c39a') in 0.010219 seconds 
  Import took 0.015129 seconds .

========================================================================
Received Import Request.
  Time since last request: 0.000185 seconds.
  path: Assets/AllSkyFree/Cold Night/Cold Night__Cam_3_Right-X.png
  artifactKey: Guid(2b201733d2df84602b3020984df58790) Importer(815301076,1909f56bfc062723c751e8b465ee728b)
Start importing Assets/AllSkyFree/Cold Night/Cold Night__Cam_3_Right-X.png using Guid(2b201733d2df84602b3020984df58790) Importer(815301076,1909f56bfc062723c751e8b465ee728b)  -> (artifact id: 'ff2964d9bef10ff8da7786680b5e9dca') in 0.010727 seconds 
  Import took 0.015129 seconds .

========================================================================
Received Import Request.
  Time since last request: 0.000558 seconds.
  path: Assets/AllSkyFree/Cold Night/Cold Night__Cam_2_Left+X.png
  artifactKey: Guid(3aa922ca8577f4f66b8810ab41310933) Importer(815301076,1909f56bfc062723c751e8b465ee728b)
Start importing Assets/AllSkyFree/Cold Night/Cold Night__Cam_2_Left+X.png using Guid(3aa922ca8577f4f66b8810ab41310933) Importer(815301076,1909f56bfc062723c751e8b465ee728b)  -> (artifact id: '85ac265df0e510785e50fa673eceb7a3') in 0.009409 seconds 
  Import took 0.012554 seconds .

========================================================================
Received Import Request.
  Time since last request: 1.728794 seconds.
  path: Assets/AllSkyFree/Cold Night/Cold Night.unity
  artifactKey: Guid(8c6f0d7d2a576443a92d35db4d83c4da) Importer(815301076,1909f56bfc062723c751e8b465ee728b)
Start importing Assets/AllSkyFree/Cold Night/Cold Night.unity using Guid(8c6f0d7d2a576443a92d35db4d83c4da) Importer(815301076,1909f56bfc062723c751e8b465ee728b)  -> (artifact id: 'f4253de3c33b4459bd0c59c0ea667d37') in 0.008635 seconds 
  Import took 0.017401 seconds .

========================================================================
Received Import Request.
  Time since last request: 9.609606 seconds.
  path: Assets/AllSkyFree/Cold Sunset
  artifactKey: Guid(e45cb2dd63729436e93f61f9933371db) Importer(815301076,1909f56bfc062723c751e8b465ee728b)
Start importing Assets/AllSkyFree/Cold Sunset using Guid(e45cb2dd63729436e93f61f9933371db) Importer(815301076,1909f56bfc062723c751e8b465ee728b)  -> (artifact id: '751ab29851f6941aa6dbc893bad98512') in 0.007341 seconds 
  Import took 0.011274 seconds .

========================================================================
Received Import Request.
  Time since last request: 0.088096 seconds.
  path: Assets/AllSkyFree/Cold Sunset/Cold Sunset Equirect.mat
  artifactKey: Guid(01f4eb1c73693428d923f1520032e7f9) Importer(815301076,1909f56bfc062723c751e8b465ee728b)
Start importing Assets/AllSkyFree/Cold Sunset/Cold Sunset Equirect.mat using Guid(01f4eb1c73693428d923f1520032e7f9) Importer(815301076,1909f56bfc062723c751e8b465ee728b)  -> (artifact id: '1fe110adb2a60dfe7eeb93d638212e29') in 0.023752 seconds 
  Import took 0.028826 seconds .

========================================================================
Received Import Request.
  Time since last request: 0.000149 seconds.
  path: Assets/AllSkyFree/Cold Sunset/Cold Sunset Equirect.png
  artifactKey: Guid(6fa3f446deee84c52aec507bd0aca28c) Importer(815301076,1909f56bfc062723c751e8b465ee728b)
Start importing Assets/AllSkyFree/Cold Sunset/Cold Sunset Equirect.png using Guid(6fa3f446deee84c52aec507bd0aca28c) Importer(815301076,1909f56bfc062723c751e8b465ee728b)  -> (artifact id: 'af05d014594d5bcca3b3ac6b5a834dbf') in 0.111187 seconds 
  Import took 0.116987 seconds .

========================================================================
Received Import Request.
  Time since last request: 0.000189 seconds.
  path: Assets/AllSkyFree/Cold Sunset/Cold Sunset__Cam_0_Front+Z.png
  artifactKey: Guid(6774108631deb4532b5f7df6e4f779a7) Importer(815301076,1909f56bfc062723c751e8b465ee728b)
Start importing Assets/AllSkyFree/Cold Sunset/Cold Sunset__Cam_0_Front+Z.png using Guid(6774108631deb4532b5f7df6e4f779a7) Importer(815301076,1909f56bfc062723c751e8b465ee728b)  -> (artifact id: '339355dea23409992601ae419c91a26c') in 0.012882 seconds 
  Import took 0.016992 seconds .

========================================================================
Received Import Request.
  Time since last request: 0.000156 seconds.
  path: Assets/AllSkyFree/Cold Sunset/Cold Sunset__Cam_2_Left+X.png
  artifactKey: Guid(ce026dfecbc694085a1d87a22f3bb49d) Importer(815301076,1909f56bfc062723c751e8b465ee728b)
Start importing Assets/AllSkyFree/Cold Sunset/Cold Sunset__Cam_2_Left+X.png using Guid(ce026dfecbc694085a1d87a22f3bb49d) Importer(815301076,1909f56bfc062723c751e8b465ee728b)  -> (artifact id: 'a647f2820b53810d60349555e55ad8eb') in 0.010154 seconds 
  Import took 0.013955 seconds .

========================================================================
Received Import Request.
  Time since last request: 0.000538 seconds.
  path: Assets/AllSkyFree/Cold Sunset/Cold Sunset__Cam_4_Up+Y.png
  artifactKey: Guid(c9658c52dbf374bf6aeeb26310f71145) Importer(815301076,1909f56bfc062723c751e8b465ee728b)
Start importing Assets/AllSkyFree/Cold Sunset/Cold Sunset__Cam_4_Up+Y.png using Guid(c9658c52dbf374bf6aeeb26310f71145) Importer(815301076,1909f56bfc062723c751e8b465ee728b)  -> (artifact id: '6a44b3c418ebaccc13e9ba1410f06524') in 0.013029 seconds 
  Import took 0.017581 seconds .

========================================================================
Received Import Request.
  Time since last request: 0.000187 seconds.
  path: Assets/AllSkyFree/Cold Sunset/Cold Sunset__Cam_3_Right-X.png
  artifactKey: Guid(1f225a337fa434ec1b937d9c8b70a667) Importer(815301076,1909f56bfc062723c751e8b465ee728b)
Start importing Assets/AllSkyFree/Cold Sunset/Cold Sunset__Cam_3_Right-X.png using Guid(1f225a337fa434ec1b937d9c8b70a667) Importer(815301076,1909f56bfc062723c751e8b465ee728b)  -> (artifact id: 'c556fc3ff1ed603a510533c1828db162') in 0.010128 seconds 
  Import took 0.014215 seconds .

========================================================================
Received Import Request.
  Time since last request: 0.000201 seconds.
  path: Assets/AllSkyFree/Cold Sunset/Cold Sunset.mat
  artifactKey: Guid(2d796ced94d61438fbab81b194038162) Importer(815301076,1909f56bfc062723c751e8b465ee728b)
Start importing Assets/AllSkyFree/Cold Sunset/Cold Sunset.mat using Guid(2d796ced94d61438fbab81b194038162) Importer(815301076,1909f56bfc062723c751e8b465ee728b)  -> (artifact id: '39c39bcb68970a8068f1a83725122c10') in 0.019284 seconds 
  Import took 0.023264 seconds .

========================================================================
Received Import Request.
  Time since last request: 0.000161 seconds.
  path: Assets/AllSkyFree/Cold Sunset/Cold Sunset__Cam_1_Back-Z.png
  artifactKey: Guid(0c96697ef1fc74d8d90d3e2f7345366d) Importer(815301076,1909f56bfc062723c751e8b465ee728b)
Start importing Assets/AllSkyFree/Cold Sunset/Cold Sunset__Cam_1_Back-Z.png using Guid(0c96697ef1fc74d8d90d3e2f7345366d) Importer(815301076,1909f56bfc062723c751e8b465ee728b)  -> (artifact id: '9b970891f62eb5c9b78c4c8815366f8f') in 0.011048 seconds 
  Import took 0.019431 seconds .

========================================================================
Received Import Request.
  Time since last request: 0.000133 seconds.
  path: Assets/AllSkyFree/Cold Sunset/Cold Sunset__Cam_5_Down-Y.png
  artifactKey: Guid(6458ffa0dcd6b4ea5b30ac5085d8c68a) Importer(815301076,1909f56bfc062723c751e8b465ee728b)
Start importing Assets/AllSkyFree/Cold Sunset/Cold Sunset__Cam_5_Down-Y.png using Guid(6458ffa0dcd6b4ea5b30ac5085d8c68a) Importer(815301076,1909f56bfc062723c751e8b465ee728b)  -> (artifact id: '9a0eaba31b0c4fe05b79ea3e13d316d5') in 0.014953 seconds 
  Import took 0.018192 seconds .

========================================================================
Received Import Request.
  Time since last request: 1.335818 seconds.
  path: Assets/AllSkyFree/Cold Sunset/Cold Sunset.unity
  artifactKey: Guid(f87b863005c8d4abcb743cad9f6566a7) Importer(815301076,1909f56bfc062723c751e8b465ee728b)
Start importing Assets/AllSkyFree/Cold Sunset/Cold Sunset.unity using Guid(f87b863005c8d4abcb743cad9f6566a7) Importer(815301076,1909f56bfc062723c751e8b465ee728b)  -> (artifact id: '761ae64ddb2441f2be255ae2c87bced4') in 0.006827 seconds 
  Import took 0.012444 seconds .

========================================================================
Received Import Request.
  Time since last request: 4.384214 seconds.
  path: Assets/AllSkyFree/Deep Dusk
  artifactKey: Guid(6e2365a3b549547b998c293780300ffe) Importer(815301076,1909f56bfc062723c751e8b465ee728b)
Start importing Assets/AllSkyFree/Deep Dusk using Guid(6e2365a3b549547b998c293780300ffe) Importer(815301076,1909f56bfc062723c751e8b465ee728b)  -> (artifact id: 'ac29cf1b3afd827ea483d38350f18782') in 0.009751 seconds 
  Import took 0.013696 seconds .

========================================================================
Received Import Request.
  Time since last request: 0.043479 seconds.
  path: Assets/AllSkyFree/Deep Dusk/Deep Dusk Equirect.mat
  artifactKey: Guid(c82a334cf5a5e47978749c210cee72a7) Importer(815301076,1909f56bfc062723c751e8b465ee728b)
Start importing Assets/AllSkyFree/Deep Dusk/Deep Dusk Equirect.mat using Guid(c82a334cf5a5e47978749c210cee72a7) Importer(815301076,1909f56bfc062723c751e8b465ee728b)  -> (artifact id: '0732a2a0cd6acf645d6c6fe4f7bf58ec') in 0.020919 seconds 
  Import took 0.026395 seconds .

========================================================================
Received Import Request.
  Time since last request: 0.000178 seconds.
  path: Assets/AllSkyFree/Deep Dusk/Deep Dusk__Cam_4_Up+Y.png
  artifactKey: Guid(d6efad16563c1446d86a121dbb004300) Importer(815301076,1909f56bfc062723c751e8b465ee728b)
Start importing Assets/AllSkyFree/Deep Dusk/Deep Dusk__Cam_4_Up+Y.png using Guid(d6efad16563c1446d86a121dbb004300) Importer(815301076,1909f56bfc062723c751e8b465ee728b)  -> (artifact id: '4a0ea5201efe6e2a77ab35c65019d5bd') in 0.015233 seconds 
  Import took 0.018550 seconds .

========================================================================
Received Import Request.
  Time since last request: 0.000184 seconds.
  path: Assets/AllSkyFree/Deep Dusk/Deep Dusk__Cam_5_Down-Y.png
  artifactKey: Guid(2e38ed7c39e8e4314930da8a86ae7a88) Importer(815301076,1909f56bfc062723c751e8b465ee728b)
Start importing Assets/AllSkyFree/Deep Dusk/Deep Dusk__Cam_5_Down-Y.png using Guid(2e38ed7c39e8e4314930da8a86ae7a88) Importer(815301076,1909f56bfc062723c751e8b465ee728b)  -> (artifact id: '1db4b40a5930029879ee4d2c079919ea') in 0.010074 seconds 
  Import took 0.013492 seconds .

========================================================================
Received Import Request.
  Time since last request: 0.000139 seconds.
  path: Assets/AllSkyFree/Deep Dusk/Deep Dusk__Cam_0_Front+Z.png
  artifactKey: Guid(5fdaaa9d974104e6d8f9e575170a0c70) Importer(815301076,1909f56bfc062723c751e8b465ee728b)
Start importing Assets/AllSkyFree/Deep Dusk/Deep Dusk__Cam_0_Front+Z.png using Guid(5fdaaa9d974104e6d8f9e575170a0c70) Importer(815301076,1909f56bfc062723c751e8b465ee728b)  -> (artifact id: '0217d49f018707c81f6dde45fcef4176') in 0.016736 seconds 
  Import took 0.020114 seconds .

========================================================================
Received Import Request.
  Time since last request: 0.000154 seconds.
  path: Assets/AllSkyFree/Deep Dusk/Deep Dusk__Cam_2_Left+X.png
  artifactKey: Guid(519e05b7b3cd14409b4a22d07660cfc8) Importer(815301076,1909f56bfc062723c751e8b465ee728b)
Start importing Assets/AllSkyFree/Deep Dusk/Deep Dusk__Cam_2_Left+X.png using Guid(519e05b7b3cd14409b4a22d07660cfc8) Importer(815301076,1909f56bfc062723c751e8b465ee728b)  -> (artifact id: '9f67ef2d33de7a54243a3c0725553b32') in 0.012680 seconds 
  Import took 0.016825 seconds .

========================================================================
Received Import Request.
  Time since last request: 0.000156 seconds.
  path: Assets/AllSkyFree/Deep Dusk/Deep Dusk.mat
  artifactKey: Guid(b4f152e0498484391a9f0d5a1facf03b) Importer(815301076,1909f56bfc062723c751e8b465ee728b)
Start importing Assets/AllSkyFree/Deep Dusk/Deep Dusk.mat using Guid(b4f152e0498484391a9f0d5a1facf03b) Importer(815301076,1909f56bfc062723c751e8b465ee728b)  -> (artifact id: 'b50d4aa2a89661561e0ce72d37e08c75') in 0.019163 seconds 
  Import took 0.023613 seconds .

========================================================================
Received Import Request.
  Time since last request: 0.000251 seconds.
  path: Assets/AllSkyFree/Deep Dusk/Deep Dusk__Cam_3_Right-X.png
  artifactKey: Guid(47551dad0d90646a9a5dac436076f38a) Importer(815301076,1909f56bfc062723c751e8b465ee728b)
Start importing Assets/AllSkyFree/Deep Dusk/Deep Dusk__Cam_3_Right-X.png using Guid(47551dad0d90646a9a5dac436076f38a) Importer(815301076,1909f56bfc062723c751e8b465ee728b)  -> (artifact id: '502dd139485e3d1314e4d2d858ee0ef9') in 0.009985 seconds 
  Import took 0.014545 seconds .

========================================================================
Received Import Request.
  Time since last request: 0.000154 seconds.
  path: Assets/AllSkyFree/Deep Dusk/Deep Dusk__Cam_1_Back-Z.png
  artifactKey: Guid(5e2aba0844c5a4c2ca77ba49a1ea08d5) Importer(815301076,1909f56bfc062723c751e8b465ee728b)
Start importing Assets/AllSkyFree/Deep Dusk/Deep Dusk__Cam_1_Back-Z.png using Guid(5e2aba0844c5a4c2ca77ba49a1ea08d5) Importer(815301076,1909f56bfc062723c751e8b465ee728b)  -> (artifact id: 'bfd6f37cb2ed1c4c7eab5ae582507be9') in 0.009655 seconds 
  Import took 0.013352 seconds .

========================================================================
Received Import Request.
  Time since last request: 0.000143 seconds.
  path: Assets/AllSkyFree/Deep Dusk/Deep Dusk Equirect.png
  artifactKey: Guid(66e51860485ae4048a30f7e029e65af7) Importer(815301076,1909f56bfc062723c751e8b465ee728b)
Start importing Assets/AllSkyFree/Deep Dusk/Deep Dusk Equirect.png using Guid(66e51860485ae4048a30f7e029e65af7) Importer(815301076,1909f56bfc062723c751e8b465ee728b)  -> (artifact id: 'ce84a3cdd217574726986b38417e0d5a') in 0.111178 seconds 
  Import took 0.120818 seconds .

========================================================================
Received Import Request.
  Time since last request: 0.750436 seconds.
  path: Assets/AllSkyFree/Deep Dusk/Deep Dusk.unity
  artifactKey: Guid(c8a48d1a6bbea47e981602e288f19742) Importer(815301076,1909f56bfc062723c751e8b465ee728b)
Start importing Assets/AllSkyFree/Deep Dusk/Deep Dusk.unity using Guid(c8a48d1a6bbea47e981602e288f19742) Importer(815301076,1909f56bfc062723c751e8b465ee728b)  -> (artifact id: 'ac20f05553514665e107482417ee1965') in 0.008014 seconds 
  Import took 0.012278 seconds .

========================================================================
Received Import Request.
  Time since last request: 4.144815 seconds.
  path: Assets/AllSkyFree/Epic_BlueSunset
  artifactKey: Guid(6eb09a1750d2d4f609c0e79b804a9f3e) Importer(815301076,1909f56bfc062723c751e8b465ee728b)
Start importing Assets/AllSkyFree/Epic_BlueSunset using Guid(6eb09a1750d2d4f609c0e79b804a9f3e) Importer(815301076,1909f56bfc062723c751e8b465ee728b)  -> (artifact id: 'dd1fce43f6763c833572ff8f88c24521') in 0.005820 seconds 
  Import took 0.009196 seconds .

========================================================================
Received Import Request.
  Time since last request: 0.093155 seconds.
  path: Assets/AllSkyFree/Epic_BlueSunset/Epic_BlueSunset Equirect.mat
  artifactKey: Guid(cdbb40e11399e4a17882ada20a1b896a) Importer(815301076,1909f56bfc062723c751e8b465ee728b)
Start importing Assets/AllSkyFree/Epic_BlueSunset/Epic_BlueSunset Equirect.mat using Guid(cdbb40e11399e4a17882ada20a1b896a) Importer(815301076,1909f56bfc062723c751e8b465ee728b)  -> (artifact id: 'd0b462eb6570defc9f3570a9ad23c29c') in 0.022911 seconds 
  Import took 0.027066 seconds .

========================================================================
Received Import Request.
  Time since last request: 0.000168 seconds.
  path: Assets/AllSkyFree/Epic_BlueSunset/Epic_BlueSunset_Cam_4_Up+Y.png
  artifactKey: Guid(912bf47cb4f5f4c6ea43b7a8bd2eb0e5) Importer(815301076,1909f56bfc062723c751e8b465ee728b)
Start importing Assets/AllSkyFree/Epic_BlueSunset/Epic_BlueSunset_Cam_4_Up+Y.png using Guid(912bf47cb4f5f4c6ea43b7a8bd2eb0e5) Importer(815301076,1909f56bfc062723c751e8b465ee728b)  -> (artifact id: '1e84cf9a7a290f9e738289bdca604578') in 0.012701 seconds 
  Import took 0.016039 seconds .

========================================================================
Received Import Request.
  Time since last request: 0.000145 seconds.
  path: Assets/AllSkyFree/Epic_BlueSunset/Epic_BlueSunset.mat
  artifactKey: Guid(7416536dbe0334cfd888dd1beb75a9fb) Importer(815301076,1909f56bfc062723c751e8b465ee728b)
Start importing Assets/AllSkyFree/Epic_BlueSunset/Epic_BlueSunset.mat using Guid(7416536dbe0334cfd888dd1beb75a9fb) Importer(815301076,1909f56bfc062723c751e8b465ee728b)  -> (artifact id: '53ecb0d1bdcd0694d4e2511d730274b5') in 0.176109 seconds 
  Import took 0.179669 seconds .

========================================================================
Received Import Request.
  Time since last request: 0.000158 seconds.
  path: Assets/AllSkyFree/Epic_BlueSunset/Epic_BlueSunset_Cam_1_Back-Z.png
  artifactKey: Guid(cbdb0c81375e549b1bae3506c1863a68) Importer(815301076,1909f56bfc062723c751e8b465ee728b)
Start importing Assets/AllSkyFree/Epic_BlueSunset/Epic_BlueSunset_Cam_1_Back-Z.png using Guid(cbdb0c81375e549b1bae3506c1863a68) Importer(815301076,1909f56bfc062723c751e8b465ee728b)  -> (artifact id: '0aaa69984e3d4b88262d4d6701a1b7ad') in 0.015814 seconds 
  Import took 0.019419 seconds .

========================================================================
Received Import Request.
  Time since last request: 0.000169 seconds.
  path: Assets/AllSkyFree/Epic_BlueSunset/Epic_BlueSunset_Cam_2_Left+X.png
  artifactKey: Guid(604c8e250817f485c97f85e8237f7524) Importer(815301076,1909f56bfc062723c751e8b465ee728b)
Start importing Assets/AllSkyFree/Epic_BlueSunset/Epic_BlueSunset_Cam_2_Left+X.png using Guid(604c8e250817f485c97f85e8237f7524) Importer(815301076,1909f56bfc062723c751e8b465ee728b)  -> (artifact id: '33a11821440330df31163cc38acd8632') in 0.011650 seconds 
  Import took 0.016248 seconds .

========================================================================
Received Import Request.
  Time since last request: 0.000144 seconds.
  path: Assets/AllSkyFree/Epic_BlueSunset/Epic_BlueSunset_Cam_3_Right-X.png
  artifactKey: Guid(04869052f46ba428caebe862513e3b5d) Importer(815301076,1909f56bfc062723c751e8b465ee728b)
Start importing Assets/AllSkyFree/Epic_BlueSunset/Epic_BlueSunset_Cam_3_Right-X.png using Guid(04869052f46ba428caebe862513e3b5d) Importer(815301076,1909f56bfc062723c751e8b465ee728b)  -> (artifact id: 'affd2ec85c0df19b32da4ee9cde7bd85') in 0.012705 seconds 
  Import took 0.017749 seconds .

========================================================================
Received Import Request.
  Time since last request: 0.000152 seconds.
  path: Assets/AllSkyFree/Epic_BlueSunset/Epic_BlueSunset_EquiRect_flat.png
  artifactKey: Guid(e71fc492f440446b99875b8e1df890ba) Importer(815301076,1909f56bfc062723c751e8b465ee728b)
Start importing Assets/AllSkyFree/Epic_BlueSunset/Epic_BlueSunset_EquiRect_flat.png using Guid(e71fc492f440446b99875b8e1df890ba) Importer(815301076,1909f56bfc062723c751e8b465ee728b)  -> (artifact id: '00bc608f36d296ebeb9599cb236872f0') in 0.114692 seconds 
  Import took 0.124887 seconds .

========================================================================
Received Import Request.
  Time since last request: 0.000144 seconds.
  path: Assets/AllSkyFree/Epic_BlueSunset/Epic_BlueSunset_Cam_0_Front+Z.png
  artifactKey: Guid(33dc9d88f32144697ba9777ee1aaae7b) Importer(815301076,1909f56bfc062723c751e8b465ee728b)
Start importing Assets/AllSkyFree/Epic_BlueSunset/Epic_BlueSunset_Cam_0_Front+Z.png using Guid(33dc9d88f32144697ba9777ee1aaae7b) Importer(815301076,1909f56bfc062723c751e8b465ee728b)  -> (artifact id: 'a8ed888092319d6206f1362d2f06d657') in 0.015441 seconds 
  Import took 0.020418 seconds .

========================================================================
Received Import Request.
  Time since last request: 0.000179 seconds.
  path: Assets/AllSkyFree/Epic_BlueSunset/Epic_BlueSunset_Cam_5_Down-Y.png
  artifactKey: Guid(3e1c1042c332d4444bfe47799ff3e0d3) Importer(815301076,1909f56bfc062723c751e8b465ee728b)
Start importing Assets/AllSkyFree/Epic_BlueSunset/Epic_BlueSunset_Cam_5_Down-Y.png using Guid(3e1c1042c332d4444bfe47799ff3e0d3) Importer(815301076,1909f56bfc062723c751e8b465ee728b)  -> (artifact id: '423f3476400454e6eaa7294b6ed4ffb4') in 0.010494 seconds 
  Import took 0.014134 seconds .

========================================================================
Received Import Request.
  Time since last request: 0.292101 seconds.
  path: Assets/AllSkyFree/Epic_BlueSunset/Epic_BlueSunset.unity
  artifactKey: Guid(28673ec8420b8493e9588ddb0b4ed7b5) Importer(815301076,1909f56bfc062723c751e8b465ee728b)
Start importing Assets/AllSkyFree/Epic_BlueSunset/Epic_BlueSunset.unity using Guid(28673ec8420b8493e9588ddb0b4ed7b5) Importer(815301076,1909f56bfc062723c751e8b465ee728b)  -> (artifact id: 'cefef8d0456127dd950a2d538b050c3b') in 0.007799 seconds 
  Import took 0.011311 seconds .

========================================================================
Received Import Request.
  Time since last request: 4.564446 seconds.
  path: Assets/AllSkyFree/Epic_GloriousPink
  artifactKey: Guid(edc1859f6d31046c9936ffb1609fabeb) Importer(815301076,1909f56bfc062723c751e8b465ee728b)
Start importing Assets/AllSkyFree/Epic_GloriousPink using Guid(edc1859f6d31046c9936ffb1609fabeb) Importer(815301076,1909f56bfc062723c751e8b465ee728b)  -> (artifact id: 'f72dd7f6de18f5c662fab3c849a08f7c') in 0.005823 seconds 
  Import took 0.012152 seconds .

========================================================================
Received Import Request.
  Time since last request: 0.058165 seconds.
  path: Assets/AllSkyFree/Epic_GloriousPink/Epic_GloriousPink Equirect.mat
  artifactKey: Guid(fe4e130f9947345a2b213cb5038851a2) Importer(815301076,1909f56bfc062723c751e8b465ee728b)
Start importing Assets/AllSkyFree/Epic_GloriousPink/Epic_GloriousPink Equirect.mat using Guid(fe4e130f9947345a2b213cb5038851a2) Importer(815301076,1909f56bfc062723c751e8b465ee728b)  -> (artifact id: '3df49e3418ebb91d0a4996bb671f9ec5') in 0.018967 seconds 
  Import took 0.024016 seconds .

========================================================================
Received Import Request.
  Time since last request: 0.000139 seconds.
  path: Assets/AllSkyFree/Epic_GloriousPink/Epic_GloriousPink_Cam_2_Left+X.png
  artifactKey: Guid(c85a861fbad8f45169567bbfa332ecf8) Importer(815301076,1909f56bfc062723c751e8b465ee728b)
Start importing Assets/AllSkyFree/Epic_GloriousPink/Epic_GloriousPink_Cam_2_Left+X.png using Guid(c85a861fbad8f45169567bbfa332ecf8) Importer(815301076,1909f56bfc062723c751e8b465ee728b)  -> (artifact id: '02560ce83d1cf21af12290c2b7ad7498') in 0.012759 seconds 
  Import took 0.018927 seconds .

========================================================================
Received Import Request.
  Time since last request: 0.000177 seconds.
  path: Assets/AllSkyFree/Epic_GloriousPink/Epic_GloriousPink_Cam_1_Back-Z.png
  artifactKey: Guid(8e7251cff63ea413db367d2893f57bf6) Importer(815301076,1909f56bfc062723c751e8b465ee728b)
Start importing Assets/AllSkyFree/Epic_GloriousPink/Epic_GloriousPink_Cam_1_Back-Z.png using Guid(8e7251cff63ea413db367d2893f57bf6) Importer(815301076,1909f56bfc062723c751e8b465ee728b)  -> (artifact id: '324455bf28247a7c62a4408dfac9bc2c') in 0.009192 seconds 
  Import took 0.013650 seconds .

========================================================================
Received Import Request.
  Time since last request: 0.000143 seconds.
  path: Assets/AllSkyFree/Epic_GloriousPink/Epic_GloriousPink_Cam_3_Right-X.png
  artifactKey: Guid(938f8444195114ab791cdba8f627e3e7) Importer(815301076,1909f56bfc062723c751e8b465ee728b)
Start importing Assets/AllSkyFree/Epic_GloriousPink/Epic_GloriousPink_Cam_3_Right-X.png using Guid(938f8444195114ab791cdba8f627e3e7) Importer(815301076,1909f56bfc062723c751e8b465ee728b)  -> (artifact id: 'ee4b588c96e2c4e8ea260153f7a13506') in 0.013928 seconds 
  Import took 0.017281 seconds .

========================================================================
Received Import Request.
  Time since last request: 0.000141 seconds.
  path: Assets/AllSkyFree/Epic_GloriousPink/Epic_GloriousPink.mat
  artifactKey: Guid(8b7dd0809c7c6498789fa32a61eaa6cb) Importer(815301076,1909f56bfc062723c751e8b465ee728b)
Start importing Assets/AllSkyFree/Epic_GloriousPink/Epic_GloriousPink.mat using Guid(8b7dd0809c7c6498789fa32a61eaa6cb) Importer(815301076,1909f56bfc062723c751e8b465ee728b)  -> (artifact id: '5c8e80326e1de5a77739e3bfed646a8a') in 0.017475 seconds 
  Import took 0.021391 seconds .

========================================================================
Received Import Request.
  Time since last request: 0.000202 seconds.
  path: Assets/AllSkyFree/Epic_GloriousPink/Epic_GloriousPink_Cam_0_Front+Z.png
  artifactKey: Guid(87dff0577f22146db9255e2cf270d6ee) Importer(815301076,1909f56bfc062723c751e8b465ee728b)
Start importing Assets/AllSkyFree/Epic_GloriousPink/Epic_GloriousPink_Cam_0_Front+Z.png using Guid(87dff0577f22146db9255e2cf270d6ee) Importer(815301076,1909f56bfc062723c751e8b465ee728b)  -> (artifact id: '063fc4f50d3417a3081a64a76cd42bd2') in 0.012820 seconds 
  Import took 0.016320 seconds .

========================================================================
Received Import Request.
  Time since last request: 0.000217 seconds.
  path: Assets/AllSkyFree/Epic_GloriousPink/Epic_GloriousPink_Cam_4_Up+Y.png
  artifactKey: Guid(c3e1d31cf8ef742ad8aed75a1fdaff49) Importer(815301076,1909f56bfc062723c751e8b465ee728b)
Start importing Assets/AllSkyFree/Epic_GloriousPink/Epic_GloriousPink_Cam_4_Up+Y.png using Guid(c3e1d31cf8ef742ad8aed75a1fdaff49) Importer(815301076,1909f56bfc062723c751e8b465ee728b)  -> (artifact id: 'ce9d4e7bc467d6575423db6eba9ebb9f') in 0.012279 seconds 
  Import took 0.017288 seconds .

========================================================================
Received Import Request.
  Time since last request: 0.000206 seconds.
  path: Assets/AllSkyFree/Epic_GloriousPink/Epic_GloriousPink_EquiRect.png
  artifactKey: Guid(8a293ce833d584fc98516e0e74f495a4) Importer(815301076,1909f56bfc062723c751e8b465ee728b)
Start importing Assets/AllSkyFree/Epic_GloriousPink/Epic_GloriousPink_EquiRect.png using Guid(8a293ce833d584fc98516e0e74f495a4) Importer(815301076,1909f56bfc062723c751e8b465ee728b)  -> (artifact id: '9e4bae38a95f62f74fa0352137133cde') in 0.105881 seconds 
  Import took 0.115227 seconds .

========================================================================
Received Import Request.
  Time since last request: 0.000166 seconds.
  path: Assets/AllSkyFree/Epic_GloriousPink/Epic_GloriousPink_Cam_5_Down-Y.png
  artifactKey: Guid(213ae241f43b44b3f961dd8739080120) Importer(815301076,1909f56bfc062723c751e8b465ee728b)
Start importing Assets/AllSkyFree/Epic_GloriousPink/Epic_GloriousPink_Cam_5_Down-Y.png using Guid(213ae241f43b44b3f961dd8739080120) Importer(815301076,1909f56bfc062723c751e8b465ee728b)  -> (artifact id: 'd40fd88ef2b6b0aa5bed093afb6e4749') in 0.014719 seconds 
  Import took 0.018375 seconds .

========================================================================
Received Import Request.
  Time since last request: 0.523252 seconds.
  path: Assets/AllSkyFree/Epic_GloriousPink/Epic_GloriousPink.unity
  artifactKey: Guid(a6ac75420f93c4fa99b35113a21e4eff) Importer(815301076,1909f56bfc062723c751e8b465ee728b)
Start importing Assets/AllSkyFree/Epic_GloriousPink/Epic_GloriousPink.unity using Guid(a6ac75420f93c4fa99b35113a21e4eff) Importer(815301076,1909f56bfc062723c751e8b465ee728b)  -> (artifact id: '6da5d9731cf3d46e3152961c16104722') in 0.007490 seconds 
  Import took 0.011520 seconds .

========================================================================
Received Import Request.
  Time since last request: 6.481542 seconds.
  path: Assets/AllSkyFree/Night MoonBurst
  artifactKey: Guid(26e352704e0b94af78a547c6d44125d9) Importer(815301076,1909f56bfc062723c751e8b465ee728b)
Start importing Assets/AllSkyFree/Night MoonBurst using Guid(26e352704e0b94af78a547c6d44125d9) Importer(815301076,1909f56bfc062723c751e8b465ee728b)  -> (artifact id: 'c0d94f936a54294b8a8ea7f407aa995a') in 0.007216 seconds 
  Import took 0.016106 seconds .

========================================================================
Received Import Request.
  Time since last request: 0.041681 seconds.
  path: Assets/AllSkyFree/Night MoonBurst/AllSky_Night_MoonBurst Equirect.mat
  artifactKey: Guid(51b74d7bad397457d883c5940f7664d8) Importer(815301076,1909f56bfc062723c751e8b465ee728b)
Start importing Assets/AllSkyFree/Night MoonBurst/AllSky_Night_MoonBurst Equirect.mat using Guid(51b74d7bad397457d883c5940f7664d8) Importer(815301076,1909f56bfc062723c751e8b465ee728b)  -> (artifact id: '4ca37fb9d2e839476718e1bd6863bf58') in 0.017680 seconds 
  Import took 0.029186 seconds .

========================================================================
Received Import Request.
  Time since last request: 0.000225 seconds.
  path: Assets/AllSkyFree/Night MoonBurst/Night Moon Burst.mat
  artifactKey: Guid(c494c335823f54b52b2e87e1b7a63a23) Importer(815301076,1909f56bfc062723c751e8b465ee728b)
Start importing Assets/AllSkyFree/Night MoonBurst/Night Moon Burst.mat using Guid(c494c335823f54b52b2e87e1b7a63a23) Importer(815301076,1909f56bfc062723c751e8b465ee728b)  -> (artifact id: 'c02c1361748b06fac84ecd6228c3e512') in 0.018347 seconds 
  Import took 0.022798 seconds .

========================================================================
Received Import Request.
  Time since last request: 0.000167 seconds.
  path: Assets/AllSkyFree/Night MoonBurst/Night Moon Burst_Cam_0_Front+Z.png
  artifactKey: Guid(6faf329ad7f5a4920bd3e23e4b000057) Importer(815301076,1909f56bfc062723c751e8b465ee728b)
Start importing Assets/AllSkyFree/Night MoonBurst/Night Moon Burst_Cam_0_Front+Z.png using Guid(6faf329ad7f5a4920bd3e23e4b000057) Importer(815301076,1909f56bfc062723c751e8b465ee728b)  -> (artifact id: '5f7c853da8a6a5b74b372aa1a0f6857e') in 0.013088 seconds 
  Import took 0.016873 seconds .

========================================================================
Received Import Request.
  Time since last request: 0.000208 seconds.
  path: Assets/AllSkyFree/Night MoonBurst/Night Moon Burst_Cam_3_Right-X.png
  artifactKey: Guid(8e462a9bf0b1941148e4318e741d7b09) Importer(815301076,1909f56bfc062723c751e8b465ee728b)
Start importing Assets/AllSkyFree/Night MoonBurst/Night Moon Burst_Cam_3_Right-X.png using Guid(8e462a9bf0b1941148e4318e741d7b09) Importer(815301076,1909f56bfc062723c751e8b465ee728b)  -> (artifact id: '45b6e5c9b34aa60db060c21b8abd19e5') in 0.012856 seconds 
  Import took 0.022734 seconds .

========================================================================
Received Import Request.
  Time since last request: 0.000148 seconds.
  path: Assets/AllSkyFree/Night MoonBurst/Night Moon Burst_Cam_4_Up+Y.png
  artifactKey: Guid(544d3cf87e24a464fa433d08257479d1) Importer(815301076,1909f56bfc062723c751e8b465ee728b)
Start importing Assets/AllSkyFree/Night MoonBurst/Night Moon Burst_Cam_4_Up+Y.png using Guid(544d3cf87e24a464fa433d08257479d1) Importer(815301076,1909f56bfc062723c751e8b465ee728b)  -> (artifact id: '3412e9d0991335c641b46dd9fb2efc8c') in 0.012230 seconds 
  Import took 0.015456 seconds .

========================================================================
Received Import Request.
  Time since last request: 0.000148 seconds.
  path: Assets/AllSkyFree/Night MoonBurst/Night Moon Burst_Cam_2_Left+X.png
  artifactKey: Guid(c35d875303c454b9a8acaae0f7800313) Importer(815301076,1909f56bfc062723c751e8b465ee728b)
Start importing Assets/AllSkyFree/Night MoonBurst/Night Moon Burst_Cam_2_Left+X.png using Guid(c35d875303c454b9a8acaae0f7800313) Importer(815301076,1909f56bfc062723c751e8b465ee728b)  -> (artifact id: 'f3380b60efade7abc2f55662177dddc8') in 0.013999 seconds 
  Import took 0.020002 seconds .

========================================================================
Received Import Request.
  Time since last request: 0.000230 seconds.
  path: Assets/AllSkyFree/Night MoonBurst/Night Moon Burst_Cam_1_Back-Z.png
  artifactKey: Guid(88710d7f2a0fa4bfeacbf7045be893fc) Importer(815301076,1909f56bfc062723c751e8b465ee728b)
Start importing Assets/AllSkyFree/Night MoonBurst/Night Moon Burst_Cam_1_Back-Z.png using Guid(88710d7f2a0fa4bfeacbf7045be893fc) Importer(815301076,1909f56bfc062723c751e8b465ee728b)  -> (artifact id: 'a33d537f1643957eb1dcc817d738fd5c') in 0.010709 seconds 
  Import took 0.014300 seconds .

========================================================================
Received Import Request.
  Time since last request: 0.000166 seconds.
  path: Assets/AllSkyFree/Night MoonBurst/AllSky_Night_MoonBurst Equirect.png
  artifactKey: Guid(34a763168147f4182a21b9fd004d67de) Importer(815301076,1909f56bfc062723c751e8b465ee728b)
Start importing Assets/AllSkyFree/Night MoonBurst/AllSky_Night_MoonBurst Equirect.png using Guid(34a763168147f4182a21b9fd004d67de) Importer(815301076,1909f56bfc062723c751e8b465ee728b)  -> (artifact id: '2744c1a0208b3c1f02167662b08725f4') in 0.118595 seconds 
  Import took 0.122802 seconds .

========================================================================
Received Import Request.
  Time since last request: 0.000190 seconds.
  path: Assets/AllSkyFree/Night MoonBurst/Night Moon Burst_Cam_5_Down-Y.png
  artifactKey: Guid(771300e956150427f8e4740c74cdd67e) Importer(815301076,1909f56bfc062723c751e8b465ee728b)
Start importing Assets/AllSkyFree/Night MoonBurst/Night Moon Burst_Cam_5_Down-Y.png using Guid(771300e956150427f8e4740c74cdd67e) Importer(815301076,1909f56bfc062723c751e8b465ee728b)  -> (artifact id: '7ac2ddbac52e89f822159f7d647b78df') in 0.010690 seconds 
  Import took 0.016424 seconds .

========================================================================
Received Import Request.
  Time since last request: 1.332882 seconds.
  path: Assets/AllSkyFree/Night MoonBurst/Night Moon Burst.unity
  artifactKey: Guid(40af7173f2b2d4f9283c3832d0ebcb31) Importer(815301076,1909f56bfc062723c751e8b465ee728b)
Start importing Assets/AllSkyFree/Night MoonBurst/Night Moon Burst.unity using Guid(40af7173f2b2d4f9283c3832d0ebcb31) Importer(815301076,1909f56bfc062723c751e8b465ee728b)  -> (artifact id: '86e5b527f4f29ffb2934c717e754d15c') in 0.006118 seconds 
  Import took 0.012313 seconds .

========================================================================
Received Import Request.
  Time since last request: 3.879222 seconds.
  path: Assets/AllSkyFree/Overcast Low
  artifactKey: Guid(63e1d590517f54841ad8cf519edf1256) Importer(815301076,1909f56bfc062723c751e8b465ee728b)
Start importing Assets/AllSkyFree/Overcast Low using Guid(63e1d590517f54841ad8cf519edf1256) Importer(815301076,1909f56bfc062723c751e8b465ee728b)  -> (artifact id: 'c7e72498eaf6be9440759d085e23f504') in 0.006197 seconds 
  Import took 0.015770 seconds .

========================================================================
Received Import Request.
  Time since last request: 0.812627 seconds.
  path: Assets/AllSkyFree/Overcast Low/AllSky_Overcast4_Low.unity
  artifactKey: Guid(5d6a31542c4b5409faf229e819f55341) Importer(815301076,1909f56bfc062723c751e8b465ee728b)
Start importing Assets/AllSkyFree/Overcast Low/AllSky_Overcast4_Low.unity using Guid(5d6a31542c4b5409faf229e819f55341) Importer(815301076,1909f56bfc062723c751e8b465ee728b)  -> (artifact id: 'e949f03cfa55faca286b8a1524534a55') in 0.006490 seconds 
  Import took 0.012539 seconds .

========================================================================
Received Import Request.
  Time since last request: 3.733705 seconds.
  path: Assets/AllSkyFree/Space_AnotherPlanet
  artifactKey: Guid(5aa7b9311704b43fa88e82c5ec3baa46) Importer(815301076,1909f56bfc062723c751e8b465ee728b)
Start importing Assets/AllSkyFree/Space_AnotherPlanet using Guid(5aa7b9311704b43fa88e82c5ec3baa46) Importer(815301076,1909f56bfc062723c751e8b465ee728b)  -> (artifact id: '2636d9db294a688ef6d607a97a46fb0f') in 0.007522 seconds 
  Import took 0.011108 seconds .

========================================================================
Received Import Request.
  Time since last request: 0.046317 seconds.
  path: Assets/AllSkyFree/Space_AnotherPlanet/AllSky_Space_AnotherPlanet Equirect.mat
  artifactKey: Guid(13f6e5eed33d84c76979f1ec06b5e48c) Importer(815301076,1909f56bfc062723c751e8b465ee728b)
Start importing Assets/AllSkyFree/Space_AnotherPlanet/AllSky_Space_AnotherPlanet Equirect.mat using Guid(13f6e5eed33d84c76979f1ec06b5e48c) Importer(815301076,1909f56bfc062723c751e8b465ee728b)  -> (artifact id: '4e93042fa225caeac0f7b36053640428') in 0.018650 seconds 
  Import took 0.024881 seconds .

========================================================================
Received Import Request.
  Time since last request: 0.000173 seconds.
  path: Assets/AllSkyFree/Space_AnotherPlanet/AllSky_Space_AnotherPlanet.mat
  artifactKey: Guid(656058fe318eb48558d21d66d1a79a2b) Importer(815301076,1909f56bfc062723c751e8b465ee728b)
Start importing Assets/AllSkyFree/Space_AnotherPlanet/AllSky_Space_AnotherPlanet.mat using Guid(656058fe318eb48558d21d66d1a79a2b) Importer(815301076,1909f56bfc062723c751e8b465ee728b)  -> (artifact id: '559f8d341d6cf5182f76150f06a65023') in 0.024556 seconds 
  Import took 0.028961 seconds .

========================================================================
Received Import Request.
  Time since last request: 0.000132 seconds.
  path: Assets/AllSkyFree/Space_AnotherPlanet/AllSky_Space_AnotherPlanet_Cam_5_Down-Y.png
  artifactKey: Guid(3a639720a92414f45b72b16d6db788ce) Importer(815301076,1909f56bfc062723c751e8b465ee728b)
Start importing Assets/AllSkyFree/Space_AnotherPlanet/AllSky_Space_AnotherPlanet_Cam_5_Down-Y.png using Guid(3a639720a92414f45b72b16d6db788ce) Importer(815301076,1909f56bfc062723c751e8b465ee728b)  -> (artifact id: 'e704e426c7c781ba81c7aa7cf903edc7') in 0.015266 seconds 
  Import took 0.018521 seconds .

========================================================================
Received Import Request.
  Time since last request: 0.000176 seconds.
  path: Assets/AllSkyFree/Space_AnotherPlanet/AllSky_Space_AnotherPlanet_Cam_1_Back-Z.png
  artifactKey: Guid(0264465325ebb45239163258479c2a60) Importer(815301076,1909f56bfc062723c751e8b465ee728b)
Start importing Assets/AllSkyFree/Space_AnotherPlanet/AllSky_Space_AnotherPlanet_Cam_1_Back-Z.png using Guid(0264465325ebb45239163258479c2a60) Importer(815301076,1909f56bfc062723c751e8b465ee728b)  -> (artifact id: 'd6e66c102bc092f0670c66cd0b3f634e') in 0.011628 seconds 
  Import took 0.015702 seconds .

========================================================================
Received Import Request.
  Time since last request: 0.000172 seconds.
  path: Assets/AllSkyFree/Space_AnotherPlanet/AllSky_Space_AnotherPlanet Equirect.png
  artifactKey: Guid(393dd4c82e2a04ec08ef9f57528230c6) Importer(815301076,1909f56bfc062723c751e8b465ee728b)
Start importing Assets/AllSkyFree/Space_AnotherPlanet/AllSky_Space_AnotherPlanet Equirect.png using Guid(393dd4c82e2a04ec08ef9f57528230c6) Importer(815301076,1909f56bfc062723c751e8b465ee728b)  -> (artifact id: 'c1313e8ac11560d4e43a464abd60bfdc') in 0.117785 seconds 
  Import took 0.121966 seconds .

========================================================================
Received Import Request.
  Time since last request: 0.000131 seconds.
  path: Assets/AllSkyFree/Space_AnotherPlanet/AllSky_Space_AnotherPlanet_Cam_4_Up+Y.png
  artifactKey: Guid(a6e9f4ff100a94264a812ad74e17416c) Importer(815301076,1909f56bfc062723c751e8b465ee728b)
Start importing Assets/AllSkyFree/Space_AnotherPlanet/AllSky_Space_AnotherPlanet_Cam_4_Up+Y.png using Guid(a6e9f4ff100a94264a812ad74e17416c) Importer(815301076,1909f56bfc062723c751e8b465ee728b)  -> (artifact id: '4db53ac2f42df4d0ac98a12aea4b5ef8') in 0.014277 seconds 
  Import took 0.018058 seconds .

========================================================================
Received Import Request.
  Time since last request: 0.000211 seconds.
  path: Assets/AllSkyFree/Space_AnotherPlanet/AllSky_Space_AnotherPlanet_Cam_0_Front+Z.png
  artifactKey: Guid(0b5345cf23ab840779a8cbf1b89f355a) Importer(815301076,1909f56bfc062723c751e8b465ee728b)
Start importing Assets/AllSkyFree/Space_AnotherPlanet/AllSky_Space_AnotherPlanet_Cam_0_Front+Z.png using Guid(0b5345cf23ab840779a8cbf1b89f355a) Importer(815301076,1909f56bfc062723c751e8b465ee728b)  -> (artifact id: '521bd1c586aca9aa639522c8806d6c3b') in 0.011116 seconds 
  Import took 0.015812 seconds .

========================================================================
Received Import Request.
  Time since last request: 0.000160 seconds.
  path: Assets/AllSkyFree/Space_AnotherPlanet/AllSky_Space_AnotherPlanet_Cam_3_Right-X.png
  artifactKey: Guid(ca9af6b5ce9284592aabb781392ff61e) Importer(815301076,1909f56bfc062723c751e8b465ee728b)
Start importing Assets/AllSkyFree/Space_AnotherPlanet/AllSky_Space_AnotherPlanet_Cam_3_Right-X.png using Guid(ca9af6b5ce9284592aabb781392ff61e) Importer(815301076,1909f56bfc062723c751e8b465ee728b)  -> (artifact id: '33a0f7d4d6bb7ccb15c39856e0409dbc') in 0.015859 seconds 
  Import took 0.019408 seconds .

========================================================================
Received Import Request.
  Time since last request: 0.000143 seconds.
  path: Assets/AllSkyFree/Space_AnotherPlanet/AllSky_Space_AnotherPlanet_Cam_2_Left+X.png
  artifactKey: Guid(40cd83628508d406497f3b21ff220644) Importer(815301076,1909f56bfc062723c751e8b465ee728b)
Start importing Assets/AllSkyFree/Space_AnotherPlanet/AllSky_Space_AnotherPlanet_Cam_2_Left+X.png using Guid(40cd83628508d406497f3b21ff220644) Importer(815301076,1909f56bfc062723c751e8b465ee728b)  -> (artifact id: 'e233247705415d80e7ccdbcb1cb6de7b') in 0.013879 seconds 
  Import took 0.017425 seconds .

========================================================================
Received Import Request.
  Time since last request: 1.578608 seconds.
  path: Assets/AllSkyFree/Space_AnotherPlanet/AllSky_Space_AnotherPlanet.unity
  artifactKey: Guid(32897540bc73941088749c21da202563) Importer(815301076,1909f56bfc062723c751e8b465ee728b)
Start importing Assets/AllSkyFree/Space_AnotherPlanet/AllSky_Space_AnotherPlanet.unity using Guid(32897540bc73941088749c21da202563) Importer(815301076,1909f56bfc062723c751e8b465ee728b)  -> (artifact id: '759ba0e836f8fb8768c4ddbe18d8f1ae') in 0.008757 seconds 
  Import took 0.012699 seconds .

========================================================================
Received Import Request.
  Time since last request: 19.255671 seconds.
  path: Assets/Scenes/Level2.unity
  artifactKey: Guid(10c97176a5212874cb374b240ad7deef) Importer(815301076,1909f56bfc062723c751e8b465ee728b)
Start importing Assets/Scenes/Level2.unity using Guid(10c97176a5212874cb374b240ad7deef) Importer(815301076,1909f56bfc062723c751e8b465ee728b)  -> (artifact id: '9969941ca9adc1366c221d2ef3bcccef') in 0.006151 seconds 
  Import took 0.010015 seconds .

========================================================================
Received Import Request.
  Time since last request: 8.991837 seconds.
  path: Assets/AllSkyFree
  artifactKey: Guid(d732cec1ecd02da4a8e949fe28bcb50a) Importer(815301076,1909f56bfc062723c751e8b465ee728b)
Start importing Assets/AllSkyFree using Guid(d732cec1ecd02da4a8e949fe28bcb50a) Importer(815301076,1909f56bfc062723c751e8b465ee728b)  -> (artifact id: 'e8965843b40cb69a4caef0b8650a39cf') in 0.005395 seconds 
  Import took 0.014706 seconds .

========================================================================
Received Import Request.
  Time since last request: 2.014404 seconds.
  path: Assets/AllSkyFree/Space_AnotherPlanet/AllSky_Space_AnotherPlanetSettings.lighting
  artifactKey: Guid(bdcf579b429fa68438dfe8148eff4e24) Importer(815301076,1909f56bfc062723c751e8b465ee728b)
Start importing Assets/AllSkyFree/Space_AnotherPlanet/AllSky_Space_AnotherPlanetSettings.lighting using Guid(bdcf579b429fa68438dfe8148eff4e24) Importer(815301076,1909f56bfc062723c751e8b465ee728b) LightingSettings: switching bake backend from 1 to 0.
 -> (artifact id: '3cf1b61614d37d1f6f587fd94c79eff3') in 0.007579 seconds 
  Import took 0.011842 seconds .

========================================================================
Received Import Request.
  Time since last request: 129.142279 seconds.
  path: Assets/LowPolyAssetBundle/LowPolyAssetBundle/LowPolyWeapons/Materials/LowPolyWeapons_MAIN.mat
  artifactKey: Guid(28af8aa4e6bad69439ee2d4d6d11939a) Importer(815301076,1909f56bfc062723c751e8b465ee728b)
Start importing Assets/LowPolyAssetBundle/LowPolyAssetBundle/LowPolyWeapons/Materials/LowPolyWeapons_MAIN.mat using Guid(28af8aa4e6bad69439ee2d4d6d11939a) Importer(815301076,1909f56bfc062723c751e8b465ee728b)  -> (artifact id: 'e1ac5da041ef00fe58f2f302c825056b') in 0.014271 seconds 
  Import took 0.021015 seconds .

========================================================================
Received Import Request.
  Time since last request: 0.281253 seconds.
  path: Assets/LowPolyAssetBundle/LowPolyAssetBundle/LowPolyNaturePack/Materials/LowPolyNature_Terrain.mat
  artifactKey: Guid(1e777267a536787438980385f6cf86b3) Importer(815301076,1909f56bfc062723c751e8b465ee728b)
Start importing Assets/LowPolyAssetBundle/LowPolyAssetBundle/LowPolyNaturePack/Materials/LowPolyNature_Terrain.mat using Guid(1e777267a536787438980385f6cf86b3) Importer(815301076,1909f56bfc062723c751e8b465ee728b)  -> (artifact id: 'f500d300c5131ad8d2183faad1985271') in 0.013899 seconds 
  Import took 0.024692 seconds .

========================================================================
Received Import Request.
  Time since last request: 0.000167 seconds.
  path: Assets/LowPolyAssetBundle/LowPolyAssetBundle/LowPolyWeapons/Materials/LowPolyWeapons_BG.mat
  artifactKey: Guid(fe81eef6caac5264bad9527ea37c278e) Importer(815301076,1909f56bfc062723c751e8b465ee728b)
Start importing Assets/LowPolyAssetBundle/LowPolyAssetBundle/LowPolyWeapons/Materials/LowPolyWeapons_BG.mat using Guid(fe81eef6caac5264bad9527ea37c278e) Importer(815301076,1909f56bfc062723c751e8b465ee728b)  -> (artifact id: '12dc89ef3168d0b169687188211e4ce0') in 0.026298 seconds 
  Import took 0.030327 seconds .

========================================================================
Received Import Request.
  Time since last request: 0.000179 seconds.
  path: Assets/LowPolyAssetBundle/LowPolyAssetBundle/LowPolyNaturePack/Materials/LowPolyNature_Water.mat
  artifactKey: Guid(ac0f96cea2ef08c4194dfd35bab61cea) Importer(815301076,1909f56bfc062723c751e8b465ee728b)
Start importing Assets/LowPolyAssetBundle/LowPolyAssetBundle/LowPolyNaturePack/Materials/LowPolyNature_Water.mat using Guid(ac0f96cea2ef08c4194dfd35bab61cea) Importer(815301076,1909f56bfc062723c751e8b465ee728b)  -> (artifact id: '13b13a3163db480770b8fa7f0d534c4f') in 0.020370 seconds 
  Import took 0.025015 seconds .

========================================================================
Received Import Request.
  Time since last request: 0.284750 seconds.
  path: Assets/LowPolyAssetBundle/LowPolyAssetBundle/LowPolyMegapolis/Materials/LowPolyMegapolis_MAIN.mat
  artifactKey: Guid(f6adc1c4f8b3c814481965688ea58145) Importer(815301076,1909f56bfc062723c751e8b465ee728b)
Start importing Assets/LowPolyAssetBundle/LowPolyAssetBundle/LowPolyMegapolis/Materials/LowPolyMegapolis_MAIN.mat using Guid(f6adc1c4f8b3c814481965688ea58145) Importer(815301076,1909f56bfc062723c751e8b465ee728b)  -> (artifact id: '8a66482dc2993d03d5b4404eb5a6a142') in 0.011107 seconds 
  Import took 0.014860 seconds .

========================================================================
Received Import Request.
  Time since last request: 0.000135 seconds.
  path: Assets/LowPolyAssetBundle/LowPolyAssetBundle/LowPolyNaturePack/Materials/LowPolyNature_MAIN.mat
  artifactKey: Guid(f37ef6b944898f943ad820aa6ffc8dc1) Importer(815301076,1909f56bfc062723c751e8b465ee728b)
Start importing Assets/LowPolyAssetBundle/LowPolyAssetBundle/LowPolyNaturePack/Materials/LowPolyNature_MAIN.mat using Guid(f37ef6b944898f943ad820aa6ffc8dc1) Importer(815301076,1909f56bfc062723c751e8b465ee728b)  -> (artifact id: 'c8375a39318b9b1378fbd9c6a4ecaf2f') in 0.012326 seconds 
  Import took 0.020625 seconds .

========================================================================
Received Import Request.
  Time since last request: 0.000206 seconds.
  path: Assets/LowPolyAssetBundle/LowPolyAssetBundle/LowPolyNaturePack/Materials/LowPolyNature_Plain.mat
  artifactKey: Guid(065ae74dc8454d847931fc9d5765b3d9) Importer(815301076,1909f56bfc062723c751e8b465ee728b)
Start importing Assets/LowPolyAssetBundle/LowPolyAssetBundle/LowPolyNaturePack/Materials/LowPolyNature_Plain.mat using Guid(065ae74dc8454d847931fc9d5765b3d9) Importer(815301076,1909f56bfc062723c751e8b465ee728b)  -> (artifact id: 'e1d29642c366641914f4ce48bc6d0642') in 0.012402 seconds 
  Import took 0.016206 seconds .

========================================================================
Received Import Request.
  Time since last request: 0.883800 seconds.
  path: Assets/LowPolyAssetBundle/LowPolyAssetBundle/LowPolyMegapolis/Materials/LowPolyMegapolis_BG.mat
  artifactKey: Guid(5f3b1a6de2e80494086af03fa08c9bba) Importer(815301076,1909f56bfc062723c751e8b465ee728b)
Start importing Assets/LowPolyAssetBundle/LowPolyAssetBundle/LowPolyMegapolis/Materials/LowPolyMegapolis_BG.mat using Guid(5f3b1a6de2e80494086af03fa08c9bba) Importer(815301076,1909f56bfc062723c751e8b465ee728b)  -> (artifact id: '1b80a6c902cdfd4234367a5adb43933c') in 0.011328 seconds 
  Import took 0.020522 seconds .

========================================================================
Received Import Request.
  Time since last request: 0.000172 seconds.
  path: Assets/LowPolyAssetBundle/LowPolyAssetBundle/LowPolyMegapolis/Materials/LowPolyMegapolis_Light.mat
  artifactKey: Guid(6832200ec8c084244ba58571c5c92d7b) Importer(815301076,1909f56bfc062723c751e8b465ee728b)
Start importing Assets/LowPolyAssetBundle/LowPolyAssetBundle/LowPolyMegapolis/Materials/LowPolyMegapolis_Light.mat using Guid(6832200ec8c084244ba58571c5c92d7b) Importer(815301076,1909f56bfc062723c751e8b465ee728b)  -> (artifact id: '4bcb9b14b70c40b6b80f867c4417850f') in 0.029304 seconds 
  Import took 0.032467 seconds .

========================================================================
Received Import Request.
  Time since last request: 0.000153 seconds.
  path: Assets/LowPolyAssetBundle/LowPolyAssetBundle/LowPolyMegapolis/Materials/LowPolyMegapolis_Glass.mat
  artifactKey: Guid(6a02617efa7ac1643a12312d46cbad2d) Importer(815301076,1909f56bfc062723c751e8b465ee728b)
Start importing Assets/LowPolyAssetBundle/LowPolyAssetBundle/LowPolyMegapolis/Materials/LowPolyMegapolis_Glass.mat using Guid(6a02617efa7ac1643a12312d46cbad2d) Importer(815301076,1909f56bfc062723c751e8b465ee728b)  -> (artifact id: 'b2dc08e59901ed349a93a89ebe83ad87') in 0.237233 seconds 
  Import took 0.246043 seconds .

========================================================================
Received Import Request.
  Time since last request: 0.493904 seconds.
  path: Assets/LowPolyAssetBundle/LowPolyAssetBundle/LowPolyFarm/Materials/LowPolyFarm_Glass.mat
  artifactKey: Guid(2fa74368862b94f4c8d76f673d131085) Importer(815301076,1909f56bfc062723c751e8b465ee728b)
Start importing Assets/LowPolyAssetBundle/LowPolyAssetBundle/LowPolyFarm/Materials/LowPolyFarm_Glass.mat using Guid(2fa74368862b94f4c8d76f673d131085) Importer(815301076,1909f56bfc062723c751e8b465ee728b)  -> (artifact id: '6ac1676adc829e7652a77f22b4c96978') in 0.013829 seconds 
  Import took 0.018273 seconds .

========================================================================
Received Import Request.
  Time since last request: 0.000156 seconds.
  path: Assets/LowPolyAssetBundle/LowPolyAssetBundle/LowPolyFarm/Materials/LowPolyFarm_Light.mat
  artifactKey: Guid(92dc60a7af6d5ea49a60bd5cfc8847b9) Importer(815301076,1909f56bfc062723c751e8b465ee728b)
Start importing Assets/LowPolyAssetBundle/LowPolyAssetBundle/LowPolyFarm/Materials/LowPolyFarm_Light.mat using Guid(92dc60a7af6d5ea49a60bd5cfc8847b9) Importer(815301076,1909f56bfc062723c751e8b465ee728b)  -> (artifact id: '81ff7f86d2746afc7fcbfee4a7441512') in 0.025060 seconds 
  Import took 0.028632 seconds .

========================================================================
Received Import Request.
  Time since last request: 0.000129 seconds.
  path: Assets/LowPolyAssetBundle/LowPolyAssetBundle/LowPolyFarm/Materials/LowPolyFarm_MAIN.mat
  artifactKey: Guid(4653e7496c618dd428006dd2cedba140) Importer(815301076,1909f56bfc062723c751e8b465ee728b)
Start importing Assets/LowPolyAssetBundle/LowPolyAssetBundle/LowPolyFarm/Materials/LowPolyFarm_MAIN.mat using Guid(4653e7496c618dd428006dd2cedba140) Importer(815301076,1909f56bfc062723c751e8b465ee728b)  -> (artifact id: 'efca8ad628854c72595c55db64827d7f') in 0.022811 seconds 
  Import took 0.026241 seconds .

========================================================================
Received Import Request.
  Time since last request: 0.000574 seconds.
  path: Assets/LowPolyAssetBundle/LowPolyAssetBundle/CartoonLowPolyCity/Materials/LowPolyCity_MAIN.mat
  artifactKey: Guid(b953325a729791343b9fda58b967a70a) Importer(815301076,1909f56bfc062723c751e8b465ee728b)
Start importing Assets/LowPolyAssetBundle/LowPolyAssetBundle/CartoonLowPolyCity/Materials/LowPolyCity_MAIN.mat using Guid(b953325a729791343b9fda58b967a70a) Importer(815301076,1909f56bfc062723c751e8b465ee728b)  -> (artifact id: '881efb5abbc61a90b135316f3e65d323') in 0.020229 seconds 
  Import took 0.024012 seconds .

========================================================================
Received Import Request.
  Time since last request: 0.000146 seconds.
  path: Assets/LowPolyAssetBundle/LowPolyAssetBundle/LowPolyFantasyArena/Materials/LowPolyFantasyArena_MAIN.mat
  artifactKey: Guid(66fc6448d3ec38b41a20e98a7626be87) Importer(815301076,1909f56bfc062723c751e8b465ee728b)
Start importing Assets/LowPolyAssetBundle/LowPolyAssetBundle/LowPolyFantasyArena/Materials/LowPolyFantasyArena_MAIN.mat using Guid(66fc6448d3ec38b41a20e98a7626be87) Importer(815301076,1909f56bfc062723c751e8b465ee728b)  -> (artifact id: '45b262408c4ce8c2e38c721b7d4d49bb') in 0.021300 seconds 
  Import took 0.024804 seconds .

========================================================================
Received Import Request.
  Time since last request: 0.000136 seconds.
  path: Assets/LowPolyAssetBundle/LowPolyAssetBundle/LowPolyFarm/Materials/LowPolyFarm_BG.mat
  artifactKey: Guid(bbd299c9d76bb6e46abf28e0f8f1d091) Importer(815301076,1909f56bfc062723c751e8b465ee728b)
Start importing Assets/LowPolyAssetBundle/LowPolyAssetBundle/LowPolyFarm/Materials/LowPolyFarm_BG.mat using Guid(bbd299c9d76bb6e46abf28e0f8f1d091) Importer(815301076,1909f56bfc062723c751e8b465ee728b)  -> (artifact id: '58d6e50610ce441cc7667b15d94402fe') in 0.027570 seconds 
  Import took 0.030741 seconds .

========================================================================
Received Import Request.
  Time since last request: 0.352526 seconds.
  path: Assets/First-Person-Controller-VeryHotShark-master/FirstPersonController/Assets/Plugins/TextMesh Pro/Resources/Fonts & Materials/LiberationSans SDF - Outline.mat
  artifactKey: Guid(79459efec17a4d00a321bdcc27bbc385) Importer(815301076,1909f56bfc062723c751e8b465ee728b)
Start importing Assets/First-Person-Controller-VeryHotShark-master/FirstPersonController/Assets/Plugins/TextMesh Pro/Resources/Fonts & Materials/LiberationSans SDF - Outline.mat using Guid(79459efec17a4d00a321bdcc27bbc385) Importer(815301076,1909f56bfc062723c751e8b465ee728b)  -> (artifact id: '289988fcecf3b00d1602f8d2b589f7dd') in 0.076585 seconds 
  Import took 0.080469 seconds .

========================================================================
Received Import Request.
  Time since last request: 0.619508 seconds.
  path: Assets/First-Person-Controller-VeryHotShark-master/FirstPersonController/Assets/Plugins/TextMesh Pro/Resources/Fonts & Materials/LiberationSans SDF - Drop Shadow.mat
  artifactKey: Guid(e73a58f6e2794ae7b1b7e50b7fb811b0) Importer(815301076,1909f56bfc062723c751e8b465ee728b)
Start importing Assets/First-Person-Controller-VeryHotShark-master/FirstPersonController/Assets/Plugins/TextMesh Pro/Resources/Fonts & Materials/LiberationSans SDF - Drop Shadow.mat using Guid(e73a58f6e2794ae7b1b7e50b7fb811b0) Importer(815301076,1909f56bfc062723c751e8b465ee728b)  -> (artifact id: 'ca0d2861f60500f05bd29199894f7bb5') in 0.081277 seconds 
  Import took 0.084906 seconds .

========================================================================
Received Import Request.
  Time since last request: 0.000129 seconds.
  path: Assets/LowPolyAssetBundle/LowPolyAssetBundle/LowPolyFantasyVillage/Materials/FantasyVillage_MAIN.mat
  artifactKey: Guid(595e799fef5428048a130a5fd5ea0d8e) Importer(815301076,1909f56bfc062723c751e8b465ee728b)
Start importing Assets/LowPolyAssetBundle/LowPolyAssetBundle/LowPolyFantasyVillage/Materials/FantasyVillage_MAIN.mat using Guid(595e799fef5428048a130a5fd5ea0d8e) Importer(815301076,1909f56bfc062723c751e8b465ee728b)  -> (artifact id: 'b0d536fb1dd6e6cf9f00eb0938532df0') in 0.012173 seconds 
  Import took 0.015653 seconds .

========================================================================
Received Import Request.
  Time since last request: 0.000163 seconds.
  path: Assets/LowPolyAssetBundle/LowPolyAssetBundle/LowPolyFantasyArena/Models/Tile_03.fbx
  artifactKey: Guid(5f202b600b1c39e42996eae992bc0475) Importer(815301076,1909f56bfc062723c751e8b465ee728b)
Start importing Assets/LowPolyAssetBundle/LowPolyAssetBundle/LowPolyFantasyArena/Models/Tile_03.fbx using Guid(5f202b600b1c39e42996eae992bc0475) Importer(815301076,1909f56bfc062723c751e8b465ee728b)  -> (artifact id: '12fa8c1cb177413ec2e606b8f70a387e') in 0.057002 seconds 
  Import took 0.060231 seconds .

========================================================================
Received Import Request.
  Time since last request: 0.000145 seconds.
  path: Assets/LowPolyAssetBundle/LowPolyAssetBundle/LowPolyFantasyVillage/Materials/FantasyVillage_Water.mat
  artifactKey: Guid(073e2d139b270b944b0aa9d40e7139d2) Importer(815301076,1909f56bfc062723c751e8b465ee728b)
Start importing Assets/LowPolyAssetBundle/LowPolyAssetBundle/LowPolyFantasyVillage/Materials/FantasyVillage_Water.mat using Guid(073e2d139b270b944b0aa9d40e7139d2) Importer(815301076,1909f56bfc062723c751e8b465ee728b)  -> (artifact id: '7575ebef46b16b0963609e55eeeb7789') in 0.012743 seconds 
  Import took 0.016666 seconds .

========================================================================
Received Import Request.
  Time since last request: 2.009818 seconds.
  path: Assets/LowPolyAssetBundle/LowPolyAssetBundle/CartoonCubeWorld/Models/BG.fbx
  artifactKey: Guid(ab9602b4314973947b7c34e9c2437abc) Importer(815301076,1909f56bfc062723c751e8b465ee728b)
Start importing Assets/LowPolyAssetBundle/LowPolyAssetBundle/CartoonCubeWorld/Models/BG.fbx using Guid(ab9602b4314973947b7c34e9c2437abc) Importer(815301076,1909f56bfc062723c751e8b465ee728b)  -> (artifact id: '5bde4b74b1e4d46b0750eb3b018cfbb3') in 0.026561 seconds 
  Import took 0.032355 seconds .

========================================================================
Received Import Request.
  Time since last request: 1.485422 seconds.
  path: Assets/LowPolyAssetBundle/LowPolyAssetBundle/LowPolyFantasyArena/Materials/CartoonWater.mat
  artifactKey: Guid(636f0d09de1ba35449f7ef46e9e55a58) Importer(815301076,1909f56bfc062723c751e8b465ee728b)
Start importing Assets/LowPolyAssetBundle/LowPolyAssetBundle/LowPolyFantasyArena/Materials/CartoonWater.mat using Guid(636f0d09de1ba35449f7ef46e9e55a58) Importer(815301076,1909f56bfc062723c751e8b465ee728b)  -> (artifact id: '3981200aff2bdce804e0d4b765fa1c26') in 0.013469 seconds 
  Import took 0.023798 seconds .

========================================================================
Received Import Request.
  Time since last request: 0.096413 seconds.
  path: Assets/LowPolyAssetBundle/LowPolyAssetBundle/CartoonCubeWorld/Materials/CartoonCubeWorld_MAIN.mat
  artifactKey: Guid(76520ab9e9bd19242a8518bc12ce4e52) Importer(815301076,1909f56bfc062723c751e8b465ee728b)
Start importing Assets/LowPolyAssetBundle/LowPolyAssetBundle/CartoonCubeWorld/Materials/CartoonCubeWorld_MAIN.mat using Guid(76520ab9e9bd19242a8518bc12ce4e52) Importer(815301076,1909f56bfc062723c751e8b465ee728b)  -> (artifact id: '1de2ac7687e4ccee7f8aa0aec3f83b87') in 0.014035 seconds 
  Import took 0.024535 seconds .

========================================================================
Received Import Request.
  Time since last request: 0.000148 seconds.
  path: Assets/LowPolyAssetBundle/LowPolyAssetBundle/CartoonCubeWorld/Materials/CartoonCubeWorld_Smoothness.mat
  artifactKey: Guid(d4ba632a0ff102b4991367cfb59ace1b) Importer(815301076,1909f56bfc062723c751e8b465ee728b)
Start importing Assets/LowPolyAssetBundle/LowPolyAssetBundle/CartoonCubeWorld/Materials/CartoonCubeWorld_Smoothness.mat using Guid(d4ba632a0ff102b4991367cfb59ace1b) Importer(815301076,1909f56bfc062723c751e8b465ee728b)  -> (artifact id: 'ddbb0838241134bf2c0a78091adb8423') in 0.026491 seconds 
  Import took 0.036369 seconds .

========================================================================
Received Import Request.
  Time since last request: 0.000138 seconds.
  path: Assets/LowPolyAssetBundle/LowPolyAssetBundle/CartoonCubeWorld/Materials/CartoonCubeWorld_Metal.mat
  artifactKey: Guid(4519447814c03fc45853439f4e5efba4) Importer(815301076,1909f56bfc062723c751e8b465ee728b)
Start importing Assets/LowPolyAssetBundle/LowPolyAssetBundle/CartoonCubeWorld/Materials/CartoonCubeWorld_Metal.mat using Guid(4519447814c03fc45853439f4e5efba4) Importer(815301076,1909f56bfc062723c751e8b465ee728b)  -> (artifact id: '99c0728acf6b69007a9329ce5d89e16c') in 0.034517 seconds 
  Import took 0.043469 seconds .

========================================================================
Received Import Request.
  Time since last request: 1.090820 seconds.
  path: Assets/LowPolyAssetBundle/LowPolyAssetBundle/NatureGradientPack/Materials/BG_Cube.mat
  artifactKey: Guid(57974d0896a9bf24cb6d4fa1a237cd1f) Importer(815301076,1909f56bfc062723c751e8b465ee728b)
Start importing Assets/LowPolyAssetBundle/LowPolyAssetBundle/NatureGradientPack/Materials/BG_Cube.mat using Guid(57974d0896a9bf24cb6d4fa1a237cd1f) Importer(815301076,1909f56bfc062723c751e8b465ee728b)  -> (artifact id: '52da31d866466b85bdd52cae28591239') in 0.013920 seconds 
  Import took 0.017614 seconds .

========================================================================
Received Import Request.
  Time since last request: 2540.583289 seconds.
  path: Assets/Skyboxes
  artifactKey: Guid(d732cec1ecd02da4a8e949fe28bcb50a) Importer(815301076,1909f56bfc062723c751e8b465ee728b)
Start importing Assets/Skyboxes using Guid(d732cec1ecd02da4a8e949fe28bcb50a) Importer(815301076,1909f56bfc062723c751e8b465ee728b)  -> (artifact id: 'd47efb9007c81763c0290d28cbd86d3b') in 0.006304 seconds 
  Import took 0.009886 seconds .

========================================================================
Received Import Request.
  Time since last request: 20.619990 seconds.
  path: Assets/ToolData
  artifactKey: Guid(6b19e765bb5e7244bbfa96692274298d) Importer(815301076,1909f56bfc062723c751e8b465ee728b)
Start importing Assets/ToolData using Guid(6b19e765bb5e7244bbfa96692274298d) Importer(815301076,1909f56bfc062723c751e8b465ee728b)  -> (artifact id: 'b07c521459bbfd7be8048f44af6130f4') in 0.005384 seconds 
  Import took 0.009334 seconds .

========================================================================
Received Import Request.
  Time since last request: 18.537760 seconds.
  path: Assets/Scenes/Level2
  artifactKey: Guid(1f1aa50977480c14f96dee1dd818f468) Importer(815301076,1909f56bfc062723c751e8b465ee728b)
Start importing Assets/Scenes/Level2 using Guid(1f1aa50977480c14f96dee1dd818f468) Importer(815301076,1909f56bfc062723c751e8b465ee728b)  -> (artifact id: '85159cf07ecae45eb68f4def63aa3905') in 0.006490 seconds 
  Import took 0.015392 seconds .

========================================================================
Received Import Request.
  Time since last request: 0.079931 seconds.
  path: Assets/Scenes/Level2/LightingData.asset
  artifactKey: Guid(e7dbdba4d6a640944baf5da7c937151b) Importer(815301076,1909f56bfc062723c751e8b465ee728b)
Start importing Assets/Scenes/Level2/LightingData.asset using Guid(e7dbdba4d6a640944baf5da7c937151b) Importer(815301076,1909f56bfc062723c751e8b465ee728b)  -> (artifact id: 'ffcca982c65d3a70f43e0af33b39e188') in 0.007507 seconds 
  Import took 0.011086 seconds .

========================================================================
Received Import Request.
  Time since last request: 0.000132 seconds.
  path: Assets/Scenes/Level2/ReflectionProbe-0.exr
  artifactKey: Guid(8c25e173f504b55468b89e62b57c1ee5) Importer(815301076,1909f56bfc062723c751e8b465ee728b)
Start importing Assets/Scenes/Level2/ReflectionProbe-0.exr using Guid(8c25e173f504b55468b89e62b57c1ee5) Importer(815301076,1909f56bfc062723c751e8b465ee728b)  -> (artifact id: 'c4f2a841584fcbd5c6ae4f92492273ad') in 0.032835 seconds 
  Import took 0.035626 seconds .

AssetImportWorkerClient::OnTransportError - code=2 error=End of file
